{"C:\\Users\\adity\\Downloads\\getfruitika-main (1)\\getfruitika-main\\app\\layout.tsx": {"path":"C:\\Users\\adity\\Downloads\\getfruitika-main (1)\\getfruitika-main\\app\\layout.tsx","statementMap":{"0":{"start":{"line":13,"column":24},"end":{"line":13,"column":35}},"1":{"start":{"line":7,"column":13},"end":{"line":7,"column":21}},"2":{"start":{"line":2,"column":26},"end":{"line":2,"column":null}},"3":{"start":{"line":3,"column":26},"end":{"line":3,"column":null}},"4":{"start":{"line":4,"column":26},"end":{"line":4,"column":null}},"5":{"start":{"line":5,"column":7},"end":{"line":5,"column":null}},"6":{"start":{"line":7,"column":34},"end":{"line":11,"column":null}}},"fnMap":{"0":{"name":"RootLayout","decl":{"start":{"line":13,"column":24},"end":{"line":13,"column":35}},"loc":{"start":{"line":17,"column":2},"end":{"line":36,"column":1}}}},"branchMap":{},"s":{"0":0,"1":0,"2":0,"3":0,"4":0,"5":0,"6":0},"f":{"0":0},"b":{}}
,"C:\\Users\\adity\\Downloads\\getfruitika-main (1)\\getfruitika-main\\app\\page.tsx": {"path":"C:\\Users\\adity\\Downloads\\getfruitika-main (1)\\getfruitika-main\\app\\page.tsx","statementMap":{"0":{"start":{"line":12,"column":24},"end":{"line":12,"column":null}},"1":{"start":{"line":3,"column":25},"end":{"line":3,"column":null}},"2":{"start":{"line":4,"column":23},"end":{"line":4,"column":null}},"3":{"start":{"line":5,"column":17},"end":{"line":5,"column":null}},"4":{"start":{"line":6,"column":70},"end":{"line":6,"column":null}},"5":{"start":{"line":7,"column":23},"end":{"line":7,"column":null}},"6":{"start":{"line":8,"column":34},"end":{"line":8,"column":null}},"7":{"start":{"line":9,"column":24},"end":{"line":9,"column":null}},"8":{"start":{"line":10,"column":18},"end":{"line":10,"column":null}},"9":{"start":{"line":13,"column":44},"end":{"line":13,"column":null}},"10":{"start":{"line":14,"column":46},"end":{"line":14,"column":null}},"11":{"start":{"line":15,"column":19},"end":{"line":31,"column":null}},"12":{"start":{"line":102,"column":27},"end":{"line":102,"column":null}},"13":{"start":{"line":111,"column":128},"end":{"line":111,"column":154}},"14":{"start":{"line":114,"column":136},"end":{"line":114,"column":162}},"15":{"start":{"line":117,"column":133},"end":{"line":117,"column":159}},"16":{"start":{"line":120,"column":135},"end":{"line":120,"column":161}},"17":{"start":{"line":123,"column":135},"end":{"line":123,"column":161}},"18":{"start":{"line":131,"column":59},"end":{"line":131,"column":85}},"19":{"start":{"line":135,"column":61},"end":{"line":135,"column":null}},"20":{"start":{"line":143,"column":39},"end":{"line":143,"column":49}},"21":{"start":{"line":143,"column":49},"end":{"line":143,"column":75}},"22":{"start":{"line":152,"column":57},"end":{"line":152,"column":83}},"23":{"start":{"line":155,"column":58},"end":{"line":155,"column":84}},"24":{"start":{"line":238,"column":14},"end":{"line":239,"column":null}}},"fnMap":{"0":{"name":"HomePage","decl":{"start":{"line":12,"column":24},"end":{"line":12,"column":null}},"loc":{"start":{"line":12,"column":24},"end":{"line":346,"column":null}}},"1":{"name":"(anonymous_3)","decl":{"start":{"line":102,"column":21},"end":{"line":102,"column":27}},"loc":{"start":{"line":102,"column":27},"end":{"line":102,"column":null}}},"2":{"name":"(anonymous_4)","decl":{"start":{"line":111,"column":122},"end":{"line":111,"column":128}},"loc":{"start":{"line":111,"column":128},"end":{"line":111,"column":154}}},"3":{"name":"(anonymous_5)","decl":{"start":{"line":114,"column":130},"end":{"line":114,"column":136}},"loc":{"start":{"line":114,"column":136},"end":{"line":114,"column":162}}},"4":{"name":"(anonymous_6)","decl":{"start":{"line":117,"column":127},"end":{"line":117,"column":133}},"loc":{"start":{"line":117,"column":133},"end":{"line":117,"column":159}}},"5":{"name":"(anonymous_7)","decl":{"start":{"line":120,"column":129},"end":{"line":120,"column":135}},"loc":{"start":{"line":120,"column":135},"end":{"line":120,"column":161}}},"6":{"name":"(anonymous_8)","decl":{"start":{"line":123,"column":129},"end":{"line":123,"column":135}},"loc":{"start":{"line":123,"column":135},"end":{"line":123,"column":161}}},"7":{"name":"(anonymous_9)","decl":{"start":{"line":131,"column":53},"end":{"line":131,"column":59}},"loc":{"start":{"line":131,"column":59},"end":{"line":131,"column":85}}},"8":{"name":"(anonymous_10)","decl":{"start":{"line":135,"column":55},"end":{"line":135,"column":61}},"loc":{"start":{"line":135,"column":61},"end":{"line":135,"column":null}}},"9":{"name":"(anonymous_11)","decl":{"start":{"line":143,"column":31},"end":{"line":143,"column":39}},"loc":{"start":{"line":143,"column":31},"end":{"line":143,"column":null}}},"10":{"name":"(anonymous_12)","decl":{"start":{"line":152,"column":51},"end":{"line":152,"column":57}},"loc":{"start":{"line":152,"column":57},"end":{"line":152,"column":83}}},"11":{"name":"(anonymous_13)","decl":{"start":{"line":155,"column":52},"end":{"line":155,"column":58}},"loc":{"start":{"line":155,"column":58},"end":{"line":155,"column":84}}},"12":{"name":"(anonymous_14)","decl":{"start":{"line":237,"column":26},"end":{"line":237,"column":27}},"loc":{"start":{"line":238,"column":14},"end":{"line":239,"column":null}}}},"branchMap":{"0":{"loc":{"start":{"line":60,"column":14},"end":{"line":82,"column":null}},"type":"cond-expr","locations":[{"start":{"line":60,"column":14},"end":{"line":82,"column":null}}]},"1":{"loc":{"start":{"line":69,"column":21},"end":{"line":69,"column":null}},"type":"binary-expr","locations":[{"start":{"line":69,"column":21},"end":{"line":69,"column":35}},{"start":{"line":69,"column":35},"end":{"line":69,"column":null}}]},"2":{"loc":{"start":{"line":104,"column":30},"end":{"line":104,"column":59}},"type":"cond-expr","locations":[{"start":{"line":104,"column":30},"end":{"line":104,"column":59}}]},"3":{"loc":{"start":{"line":108,"column":9},"end":{"line":108,"column":null}},"type":"binary-expr","locations":[{"start":{"line":108,"column":9},"end":{"line":108,"column":null}}]},"4":{"loc":{"start":{"line":128,"column":18},"end":{"line":150,"column":null}},"type":"cond-expr","locations":[{"start":{"line":128,"column":18},"end":{"line":150,"column":null}}]},"5":{"loc":{"start":{"line":129,"column":21},"end":{"line":129,"column":null}},"type":"binary-expr","locations":[{"start":{"line":129,"column":21},"end":{"line":129,"column":null}}]},"6":{"loc":{"start":{"line":137,"column":25},"end":{"line":137,"column":null}},"type":"binary-expr","locations":[{"start":{"line":137,"column":25},"end":{"line":137,"column":39}},{"start":{"line":137,"column":39},"end":{"line":137,"column":null}}]}},"s":{"0":0,"1":0,"2":0,"3":0,"4":0,"5":0,"6":0,"7":0,"8":0,"9":0,"10":0,"11":0,"12":0,"13":0,"14":0,"15":0,"16":0,"17":0,"18":0,"19":0,"20":0,"21":0,"22":0,"23":0,"24":0},"f":{"0":0,"1":0,"2":0,"3":0,"4":0,"5":0,"6":0,"7":0,"8":0,"9":0,"10":0,"11":0,"12":0},"b":{"0":[0],"1":[0,0],"2":[0],"3":[0],"4":[0],"5":[0],"6":[0,0]}}
,"C:\\Users\\adity\\Downloads\\getfruitika-main (1)\\getfruitika-main\\app\\about\\page.tsx": {"path":"C:\\Users\\adity\\Downloads\\getfruitika-main (1)\\getfruitika-main\\app\\about\\page.tsx","statementMap":{"0":{"start":{"line":9,"column":24},"end":{"line":9,"column":null}},"1":{"start":{"line":3,"column":25},"end":{"line":3,"column":null}},"2":{"start":{"line":4,"column":17},"end":{"line":4,"column":null}},"3":{"start":{"line":5,"column":23},"end":{"line":5,"column":null}},"4":{"start":{"line":6,"column":24},"end":{"line":6,"column":null}},"5":{"start":{"line":7,"column":18},"end":{"line":7,"column":null}},"6":{"start":{"line":10,"column":46},"end":{"line":10,"column":null}},"7":{"start":{"line":35,"column":29},"end":{"line":35,"column":null}},"8":{"start":{"line":45,"column":116},"end":{"line":45,"column":142}},"9":{"start":{"line":48,"column":124},"end":{"line":48,"column":150}},"10":{"start":{"line":51,"column":96},"end":{"line":51,"column":122}},"11":{"start":{"line":54,"column":123},"end":{"line":54,"column":149}},"12":{"start":{"line":61,"column":51},"end":{"line":61,"column":77}}},"fnMap":{"0":{"name":"AboutPage","decl":{"start":{"line":9,"column":24},"end":{"line":9,"column":null}},"loc":{"start":{"line":9,"column":24},"end":{"line":107,"column":null}}},"1":{"name":"(anonymous_3)","decl":{"start":{"line":35,"column":23},"end":{"line":35,"column":29}},"loc":{"start":{"line":35,"column":29},"end":{"line":35,"column":null}}},"2":{"name":"(anonymous_4)","decl":{"start":{"line":45,"column":110},"end":{"line":45,"column":116}},"loc":{"start":{"line":45,"column":116},"end":{"line":45,"column":142}}},"3":{"name":"(anonymous_5)","decl":{"start":{"line":48,"column":118},"end":{"line":48,"column":124}},"loc":{"start":{"line":48,"column":124},"end":{"line":48,"column":150}}},"4":{"name":"(anonymous_6)","decl":{"start":{"line":51,"column":90},"end":{"line":51,"column":96}},"loc":{"start":{"line":51,"column":96},"end":{"line":51,"column":122}}},"5":{"name":"(anonymous_7)","decl":{"start":{"line":54,"column":117},"end":{"line":54,"column":123}},"loc":{"start":{"line":54,"column":123},"end":{"line":54,"column":149}}},"6":{"name":"(anonymous_8)","decl":{"start":{"line":61,"column":45},"end":{"line":61,"column":51}},"loc":{"start":{"line":61,"column":51},"end":{"line":61,"column":77}}}},"branchMap":{"0":{"loc":{"start":{"line":37,"column":32},"end":{"line":37,"column":61}},"type":"cond-expr","locations":[{"start":{"line":37,"column":32},"end":{"line":37,"column":61}}]},"1":{"loc":{"start":{"line":42,"column":9},"end":{"line":42,"column":null}},"type":"binary-expr","locations":[{"start":{"line":42,"column":9},"end":{"line":42,"column":null}}]}},"s":{"0":0,"1":0,"2":0,"3":0,"4":0,"5":0,"6":0,"7":0,"8":0,"9":0,"10":0,"11":0,"12":0},"f":{"0":0,"1":0,"2":0,"3":0,"4":0,"5":0,"6":0},"b":{"0":[0],"1":[0]}}
,"C:\\Users\\adity\\Downloads\\getfruitika-main (1)\\getfruitika-main\\app\\admin-panel\\page.tsx": {"path":"C:\\Users\\adity\\Downloads\\getfruitika-main (1)\\getfruitika-main\\app\\admin-panel\\page.tsx","statementMap":{"0":{"start":{"line":64,"column":24},"end":{"line":64,"column":null}},"1":{"start":{"line":3,"column":36},"end":{"line":3,"column":null}},"2":{"start":{"line":4,"column":17},"end":{"line":4,"column":null}},"3":{"start":{"line":5,"column":57},"end":{"line":5,"column":null}},"4":{"start":{"line":6,"column":23},"end":{"line":6,"column":null}},"5":{"start":{"line":7,"column":22},"end":{"line":7,"column":null}},"6":{"start":{"line":8,"column":72},"end":{"line":8,"column":null}},"7":{"start":{"line":65,"column":34},"end":{"line":65,"column":null}},"8":{"start":{"line":66,"column":30},"end":{"line":66,"column":null}},"9":{"start":{"line":67,"column":42},"end":{"line":67,"column":null}},"10":{"start":{"line":68,"column":30},"end":{"line":68,"column":null}},"11":{"start":{"line":69,"column":32},"end":{"line":69,"column":null}},"12":{"start":{"line":70,"column":44},"end":{"line":70,"column":null}},"13":{"start":{"line":71,"column":34},"end":{"line":71,"column":null}},"14":{"start":{"line":73,"column":2},"end":{"line":82,"column":null}},"15":{"start":{"line":75,"column":22},"end":{"line":75,"column":null}},"16":{"start":{"line":76,"column":4},"end":{"line":81,"column":null}},"17":{"start":{"line":77,"column":6},"end":{"line":77,"column":null}},"18":{"start":{"line":78,"column":6},"end":{"line":78,"column":null}},"19":{"start":{"line":80,"column":6},"end":{"line":80,"column":null}},"20":{"start":{"line":84,"column":22},"end":{"line":92,"column":null}},"21":{"start":{"line":85,"column":4},"end":{"line":91,"column":null}},"22":{"start":{"line":86,"column":6},"end":{"line":86,"column":null}},"23":{"start":{"line":87,"column":6},"end":{"line":87,"column":null}},"24":{"start":{"line":88,"column":6},"end":{"line":88,"column":null}},"25":{"start":{"line":90,"column":6},"end":{"line":90,"column":null}},"26":{"start":{"line":94,"column":20},"end":{"line":128,"column":null}},"27":{"start":{"line":95,"column":4},"end":{"line":127,"column":null}},"28":{"start":{"line":97,"column":26},"end":{"line":97,"column":null}},"29":{"start":{"line":98,"column":6},"end":{"line":101,"column":null}},"30":{"start":{"line":99,"column":29},"end":{"line":99,"column":null}},"31":{"start":{"line":100,"column":8},"end":{"line":100,"column":null}},"32":{"start":{"line":104,"column":24},"end":{"line":104,"column":null}},"33":{"start":{"line":105,"column":6},"end":{"line":108,"column":null}},"34":{"start":{"line":106,"column":27},"end":{"line":106,"column":null}},"35":{"start":{"line":107,"column":8},"end":{"line":107,"column":null}},"36":{"start":{"line":111,"column":25},"end":{"line":111,"column":null}},"37":{"start":{"line":112,"column":6},"end":{"line":115,"column":null}},"38":{"start":{"line":113,"column":28},"end":{"line":113,"column":null}},"39":{"start":{"line":114,"column":8},"end":{"line":114,"column":null}},"40":{"start":{"line":118,"column":24},"end":{"line":118,"column":null}},"41":{"start":{"line":119,"column":6},"end":{"line":122,"column":null}},"42":{"start":{"line":120,"column":27},"end":{"line":120,"column":null}},"43":{"start":{"line":121,"column":8},"end":{"line":121,"column":null}},"44":{"start":{"line":124,"column":6},"end":{"line":124,"column":null}},"45":{"start":{"line":126,"column":6},"end":{"line":126,"column":null}},"46":{"start":{"line":130,"column":23},"end":{"line":134,"column":null}},"47":{"start":{"line":131,"column":4},"end":{"line":131,"column":null}},"48":{"start":{"line":132,"column":4},"end":{"line":132,"column":null}},"49":{"start":{"line":133,"column":4},"end":{"line":133,"column":null}},"50":{"start":{"line":136,"column":2},"end":{"line":168,"column":null}},"51":{"start":{"line":150,"column":33},"end":{"line":150,"column":null}},"52":{"start":{"line":153,"column":35},"end":{"line":153,"column":null}},"53":{"start":{"line":170,"column":2},"end":{"line":176,"column":null}},"54":{"start":{"line":264,"column":18},"end":{"line":264,"column":40}},"55":{"start":{"line":298,"column":18},"end":{"line":298,"column":38}},"56":{"start":{"line":337,"column":18},"end":{"line":337,"column":38}},"57":{"start":{"line":352,"column":74},"end":{"line":352,"column":115}},"58":{"start":{"line":375,"column":18},"end":{"line":375,"column":36}}},"fnMap":{"0":{"name":"AdminPanelPage","decl":{"start":{"line":64,"column":24},"end":{"line":64,"column":null}},"loc":{"start":{"line":64,"column":24},"end":{"line":402,"column":null}}},"1":{"name":"(anonymous_3)","decl":{"start":{"line":73,"column":12},"end":{"line":73,"column":null}},"loc":{"start":{"line":73,"column":12},"end":{"line":82,"column":5}}},"2":{"name":"(anonymous_4)","decl":{"start":{"line":84,"column":22},"end":{"line":84,"column":null}},"loc":{"start":{"line":84,"column":22},"end":{"line":92,"column":null}}},"3":{"name":"(anonymous_5)","decl":{"start":{"line":94,"column":20},"end":{"line":94,"column":null}},"loc":{"start":{"line":94,"column":20},"end":{"line":128,"column":null}}},"4":{"name":"(anonymous_6)","decl":{"start":{"line":130,"column":23},"end":{"line":130,"column":null}},"loc":{"start":{"line":130,"column":23},"end":{"line":134,"column":null}}},"5":{"name":"(anonymous_7)","decl":{"start":{"line":150,"column":26},"end":{"line":150,"column":27}},"loc":{"start":{"line":150,"column":33},"end":{"line":150,"column":null}}},"6":{"name":"(anonymous_8)","decl":{"start":{"line":153,"column":28},"end":{"line":153,"column":29}},"loc":{"start":{"line":153,"column":35},"end":{"line":153,"column":null}}},"7":{"name":"(anonymous_9)","decl":{"start":{"line":263,"column":29},"end":{"line":263,"column":30}},"loc":{"start":{"line":264,"column":18},"end":{"line":264,"column":40}}},"8":{"name":"(anonymous_10)","decl":{"start":{"line":297,"column":27},"end":{"line":297,"column":28}},"loc":{"start":{"line":298,"column":18},"end":{"line":298,"column":38}}},"9":{"name":"(anonymous_11)","decl":{"start":{"line":336,"column":27},"end":{"line":336,"column":28}},"loc":{"start":{"line":337,"column":18},"end":{"line":337,"column":38}}},"10":{"name":"(anonymous_12)","decl":{"start":{"line":352,"column":66},"end":{"line":352,"column":74}},"loc":{"start":{"line":352,"column":74},"end":{"line":352,"column":115}}},"11":{"name":"(anonymous_13)","decl":{"start":{"line":374,"column":33},"end":{"line":374,"column":34}},"loc":{"start":{"line":375,"column":18},"end":{"line":375,"column":36}}}},"branchMap":{"0":{"loc":{"start":{"line":76,"column":4},"end":{"line":81,"column":null}},"type":"if","locations":[{"start":{"line":76,"column":4},"end":{"line":81,"column":null}},{"start":{"line":79,"column":11},"end":{"line":81,"column":null}}]},"1":{"loc":{"start":{"line":85,"column":4},"end":{"line":91,"column":null}},"type":"if","locations":[{"start":{"line":85,"column":4},"end":{"line":91,"column":null}},{"start":{"line":89,"column":11},"end":{"line":91,"column":null}}]},"2":{"loc":{"start":{"line":98,"column":6},"end":{"line":101,"column":null}},"type":"if","locations":[{"start":{"line":98,"column":6},"end":{"line":101,"column":null}},{"start":{},"end":{}}]},"3":{"loc":{"start":{"line":100,"column":20},"end":{"line":100,"column":67}},"type":"cond-expr","locations":[{"start":{"line":100,"column":50},"end":{"line":100,"column":65}},{"start":{"line":100,"column":65},"end":{"line":100,"column":67}}]},"4":{"loc":{"start":{"line":105,"column":6},"end":{"line":108,"column":null}},"type":"if","locations":[{"start":{"line":105,"column":6},"end":{"line":108,"column":null}},{"start":{},"end":{}}]},"5":{"loc":{"start":{"line":107,"column":18},"end":{"line":107,"column":61}},"type":"cond-expr","locations":[{"start":{"line":107,"column":46},"end":{"line":107,"column":59}},{"start":{"line":107,"column":59},"end":{"line":107,"column":61}}]},"6":{"loc":{"start":{"line":112,"column":6},"end":{"line":115,"column":null}},"type":"if","locations":[{"start":{"line":112,"column":6},"end":{"line":115,"column":null}},{"start":{},"end":{}}]},"7":{"loc":{"start":{"line":114,"column":24},"end":{"line":114,"column":69}},"type":"cond-expr","locations":[{"start":{"line":114,"column":53},"end":{"line":114,"column":67}},{"start":{"line":114,"column":67},"end":{"line":114,"column":69}}]},"8":{"loc":{"start":{"line":119,"column":6},"end":{"line":122,"column":null}},"type":"if","locations":[{"start":{"line":119,"column":6},"end":{"line":122,"column":null}},{"start":{},"end":{}}]},"9":{"loc":{"start":{"line":121,"column":18},"end":{"line":121,"column":75}},"type":"cond-expr","locations":[{"start":{"line":121,"column":53},"end":{"line":121,"column":70}},{"start":{"line":121,"column":73},"end":{"line":121,"column":75}}]},"10":{"loc":{"start":{"line":136,"column":2},"end":{"line":168,"column":null}},"type":"if","locations":[{"start":{"line":136,"column":2},"end":{"line":168,"column":null}},{"start":{},"end":{}}]},"11":{"loc":{"start":{"line":153,"column":35},"end":{"line":153,"column":null}},"type":"binary-expr","locations":[{"start":{"line":153,"column":35},"end":{"line":153,"column":56}},{"start":{"line":153,"column":56},"end":{"line":153,"column":null}}]},"12":{"loc":{"start":{"line":170,"column":2},"end":{"line":176,"column":null}},"type":"if","locations":[{"start":{"line":170,"column":2},"end":{"line":176,"column":null}},{"start":{},"end":{}}]},"13":{"loc":{"start":{"line":260,"column":15},"end":{"line":264,"column":40}},"type":"cond-expr","locations":[{"start":{"line":261,"column":16},"end":{"line":263,"column":25}},{"start":{"line":263,"column":16},"end":{"line":264,"column":40}}]},"14":{"loc":{"start":{"line":269,"column":25},"end":{"line":269,"column":38}},"type":"binary-expr","locations":[{"start":{"line":269,"column":25},"end":{"line":269,"column":38}}]},"15":{"loc":{"start":{"line":270,"column":25},"end":{"line":270,"column":40}},"type":"binary-expr","locations":[{"start":{"line":270,"column":25},"end":{"line":270,"column":40}}]},"16":{"loc":{"start":{"line":294,"column":15},"end":{"line":298,"column":38}},"type":"cond-expr","locations":[{"start":{"line":295,"column":16},"end":{"line":297,"column":23}},{"start":{"line":297,"column":16},"end":{"line":298,"column":38}}]},"17":{"loc":{"start":{"line":333,"column":15},"end":{"line":337,"column":38}},"type":"cond-expr","locations":[{"start":{"line":334,"column":16},"end":{"line":336,"column":23}},{"start":{"line":336,"column":16},"end":{"line":337,"column":38}}]},"18":{"loc":{"start":{"line":371,"column":15},"end":{"line":375,"column":36}},"type":"cond-expr","locations":[{"start":{"line":372,"column":16},"end":{"line":374,"column":29}},{"start":{"line":374,"column":16},"end":{"line":375,"column":36}}]},"19":{"loc":{"start":{"line":391,"column":23},"end":{"line":391,"column":36}},"type":"binary-expr","locations":[{"start":{"line":391,"column":23},"end":{"line":391,"column":36}}]}},"s":{"0":0,"1":0,"2":0,"3":0,"4":0,"5":0,"6":0,"7":0,"8":0,"9":0,"10":0,"11":0,"12":0,"13":0,"14":0,"15":0,"16":0,"17":0,"18":0,"19":0,"20":0,"21":0,"22":0,"23":0,"24":0,"25":0,"26":0,"27":0,"28":0,"29":0,"30":0,"31":0,"32":0,"33":0,"34":0,"35":0,"36":0,"37":0,"38":0,"39":0,"40":0,"41":0,"42":0,"43":0,"44":0,"45":0,"46":0,"47":0,"48":0,"49":0,"50":0,"51":0,"52":0,"53":0,"54":0,"55":0,"56":0,"57":0,"58":0},"f":{"0":0,"1":0,"2":0,"3":0,"4":0,"5":0,"6":0,"7":0,"8":0,"9":0,"10":0,"11":0},"b":{"0":[0,0],"1":[0,0],"2":[0,0],"3":[0,0],"4":[0,0],"5":[0,0],"6":[0,0],"7":[0,0],"8":[0,0],"9":[0,0],"10":[0,0],"11":[0,0],"12":[0,0],"13":[0,0],"14":[0],"15":[0],"16":[0,0],"17":[0,0],"18":[0,0],"19":[0]}}
,"C:\\Users\\adity\\Downloads\\getfruitika-main (1)\\getfruitika-main\\app\\api\\auth\\[...nextauth]\\route.ts": {"path":"C:\\Users\\adity\\Downloads\\getfruitika-main (1)\\getfruitika-main\\app\\api\\auth\\[...nextauth]\\route.ts","statementMap":{"0":{"start":{"line":100,"column":9},"end":{"line":100,"column":20}},"1":{"start":{"line":100,"column":25},"end":{"line":100,"column":36}},"2":{"start":{"line":1,"column":21},"end":{"line":1,"column":null}},"3":{"start":{"line":2,"column":27},"end":{"line":2,"column":null}},"4":{"start":{"line":3,"column":32},"end":{"line":3,"column":null}},"5":{"start":{"line":4,"column":30},"end":{"line":4,"column":null}},"6":{"start":{"line":5,"column":23},"end":{"line":5,"column":null}},"7":{"start":{"line":6,"column":19},"end":{"line":6,"column":null}},"8":{"start":{"line":8,"column":16},"end":{"line":98,"column":null}},"9":{"start":{"line":22,"column":8},"end":{"line":24,"column":null}},"10":{"start":{"line":23,"column":10},"end":{"line":23,"column":null}},"11":{"start":{"line":26,"column":21},"end":{"line":31,"column":null}},"12":{"start":{"line":33,"column":8},"end":{"line":35,"column":null}},"13":{"start":{"line":34,"column":10},"end":{"line":34,"column":null}},"14":{"start":{"line":37,"column":32},"end":{"line":37,"column":null}},"15":{"start":{"line":39,"column":8},"end":{"line":41,"column":null}},"16":{"start":{"line":40,"column":10},"end":{"line":40,"column":null}},"17":{"start":{"line":43,"column":8},"end":{"line":48,"column":null}},"18":{"start":{"line":57,"column":6},"end":{"line":57,"column":null}},"19":{"start":{"line":62,"column":6},"end":{"line":62,"column":null}},"20":{"start":{"line":65,"column":6},"end":{"line":65,"column":null}},"21":{"start":{"line":65,"column":35},"end":{"line":65,"column":null}},"22":{"start":{"line":66,"column":6},"end":{"line":66,"column":null}},"23":{"start":{"line":69,"column":6},"end":{"line":72,"column":null}},"24":{"start":{"line":70,"column":8},"end":{"line":70,"column":null}},"25":{"start":{"line":71,"column":8},"end":{"line":71,"column":null}},"26":{"start":{"line":73,"column":6},"end":{"line":73,"column":null}},"27":{"start":{"line":76,"column":6},"end":{"line":90,"column":null}},"28":{"start":{"line":77,"column":8},"end":{"line":77,"column":null}},"29":{"start":{"line":78,"column":8},"end":{"line":78,"column":null}},"30":{"start":{"line":81,"column":23},"end":{"line":83,"column":null}},"31":{"start":{"line":85,"column":8},"end":{"line":89,"column":null}},"32":{"start":{"line":86,"column":10},"end":{"line":86,"column":null}},"33":{"start":{"line":87,"column":10},"end":{"line":87,"column":null}},"34":{"start":{"line":88,"column":10},"end":{"line":88,"column":null}},"35":{"start":{"line":91,"column":6},"end":{"line":91,"column":null}}},"fnMap":{"0":{"name":"(anonymous_4)","decl":{"start":{"line":21,"column":6},"end":{"line":21,"column":12}},"loc":{"start":{"line":21,"column":33},"end":{"line":49,"column":null}}},"1":{"name":"(anonymous_5)","decl":{"start":{"line":56,"column":4},"end":{"line":56,"column":10}},"loc":{"start":{"line":56,"column":39},"end":{"line":58,"column":null}}},"2":{"name":"(anonymous_6)","decl":{"start":{"line":61,"column":4},"end":{"line":61,"column":10}},"loc":{"start":{"line":61,"column":43},"end":{"line":63,"column":null}}},"3":{"name":"(anonymous_7)","decl":{"start":{"line":64,"column":4},"end":{"line":64,"column":10}},"loc":{"start":{"line":64,"column":35},"end":{"line":67,"column":null}}},"4":{"name":"(anonymous_8)","decl":{"start":{"line":68,"column":4},"end":{"line":68,"column":10}},"loc":{"start":{"line":68,"column":38},"end":{"line":74,"column":null}}},"5":{"name":"(anonymous_9)","decl":{"start":{"line":75,"column":4},"end":{"line":75,"column":10}},"loc":{"start":{"line":75,"column":36},"end":{"line":92,"column":null}}}},"branchMap":{"0":{"loc":{"start":{"line":22,"column":8},"end":{"line":24,"column":null}},"type":"if","locations":[{"start":{"line":22,"column":8},"end":{"line":24,"column":null}},{"start":{},"end":{}}]},"1":{"loc":{"start":{"line":22,"column":12},"end":{"line":22,"column":59}},"type":"binary-expr","locations":[{"start":{"line":22,"column":12},"end":{"line":22,"column":35}},{"start":{"line":22,"column":35},"end":{"line":22,"column":59}}]},"2":{"loc":{"start":{"line":33,"column":8},"end":{"line":35,"column":null}},"type":"if","locations":[{"start":{"line":33,"column":8},"end":{"line":35,"column":null}},{"start":{},"end":{}}]},"3":{"loc":{"start":{"line":33,"column":12},"end":{"line":33,"column":35}},"type":"binary-expr","locations":[{"start":{"line":33,"column":12},"end":{"line":33,"column":21}},{"start":{"line":33,"column":21},"end":{"line":33,"column":35}}]},"4":{"loc":{"start":{"line":39,"column":8},"end":{"line":41,"column":null}},"type":"if","locations":[{"start":{"line":39,"column":8},"end":{"line":41,"column":null}},{"start":{},"end":{}}]},"5":{"loc":{"start":{"line":65,"column":6},"end":{"line":65,"column":null}},"type":"if","locations":[{"start":{"line":65,"column":6},"end":{"line":65,"column":null}},{"start":{},"end":{}}]},"6":{"loc":{"start":{"line":69,"column":6},"end":{"line":72,"column":null}},"type":"if","locations":[{"start":{"line":69,"column":6},"end":{"line":72,"column":null}},{"start":{},"end":{}}]},"7":{"loc":{"start":{"line":76,"column":6},"end":{"line":90,"column":null}},"type":"if","locations":[{"start":{"line":76,"column":6},"end":{"line":90,"column":null}},{"start":{},"end":{}}]},"8":{"loc":{"start":{"line":76,"column":10},"end":{"line":76,"column":31}},"type":"binary-expr","locations":[{"start":{"line":76,"column":10},"end":{"line":76,"column":19}},{"start":{"line":76,"column":19},"end":{"line":76,"column":31}}]},"9":{"loc":{"start":{"line":77,"column":26},"end":{"line":77,"column":47}},"type":"binary-expr","locations":[{"start":{"line":77,"column":26},"end":{"line":77,"column":34}},{"start":{"line":77,"column":38},"end":{"line":77,"column":47}}]},"10":{"loc":{"start":{"line":85,"column":8},"end":{"line":89,"column":null}},"type":"if","locations":[{"start":{"line":85,"column":8},"end":{"line":89,"column":null}},{"start":{},"end":{}}]}},"s":{"0":0,"1":0,"2":0,"3":0,"4":0,"5":0,"6":0,"7":0,"8":0,"9":0,"10":0,"11":0,"12":0,"13":0,"14":0,"15":0,"16":0,"17":0,"18":0,"19":0,"20":0,"21":0,"22":0,"23":0,"24":0,"25":0,"26":0,"27":0,"28":0,"29":0,"30":0,"31":0,"32":0,"33":0,"34":0,"35":0},"f":{"0":0,"1":0,"2":0,"3":0,"4":0,"5":0},"b":{"0":[0,0],"1":[0,0],"2":[0,0],"3":[0,0],"4":[0,0],"5":[0,0],"6":[0,0],"7":[0,0],"8":[0,0],"9":[0,0],"10":[0,0]}}
,"C:\\Users\\adity\\Downloads\\getfruitika-main (1)\\getfruitika-main\\app\\api\\auth\\login\\route.ts": {"path":"C:\\Users\\adity\\Downloads\\getfruitika-main (1)\\getfruitika-main\\app\\api\\auth\\login\\route.ts","statementMap":{"0":{"start":{"line":6,"column":22},"end":{"line":6,"column":27}},"1":{"start":{"line":1,"column":42},"end":{"line":1,"column":null}},"2":{"start":{"line":2,"column":23},"end":{"line":2,"column":null}},"3":{"start":{"line":3,"column":19},"end":{"line":3,"column":null}},"4":{"start":{"line":4,"column":16},"end":{"line":4,"column":null}},"5":{"start":{"line":7,"column":2},"end":{"line":71,"column":null}},"6":{"start":{"line":8,"column":17},"end":{"line":8,"column":null}},"7":{"start":{"line":9,"column":32},"end":{"line":9,"column":null}},"8":{"start":{"line":11,"column":4},"end":{"line":16,"column":null}},"9":{"start":{"line":12,"column":6},"end":{"line":14,"column":null}},"10":{"start":{"line":18,"column":17},"end":{"line":23,"column":null}},"11":{"start":{"line":25,"column":4},"end":{"line":30,"column":null}},"12":{"start":{"line":26,"column":6},"end":{"line":28,"column":null}},"13":{"start":{"line":32,"column":28},"end":{"line":32,"column":null}},"14":{"start":{"line":34,"column":4},"end":{"line":39,"column":null}},"15":{"start":{"line":35,"column":6},"end":{"line":37,"column":null}},"16":{"start":{"line":41,"column":18},"end":{"line":44,"column":null}},"17":{"start":{"line":47,"column":21},"end":{"line":55,"column":null}},"18":{"start":{"line":57,"column":4},"end":{"line":62,"column":null}},"19":{"start":{"line":64,"column":4},"end":{"line":64,"column":null}},"20":{"start":{"line":66,"column":4},"end":{"line":66,"column":null}},"21":{"start":{"line":67,"column":4},"end":{"line":69,"column":null}}},"fnMap":{"0":{"name":"POST","decl":{"start":{"line":6,"column":22},"end":{"line":6,"column":27}},"loc":{"start":{"line":6,"column":47},"end":{"line":72,"column":null}}}},"branchMap":{"0":{"loc":{"start":{"line":11,"column":4},"end":{"line":16,"column":null}},"type":"if","locations":[{"start":{"line":11,"column":4},"end":{"line":16,"column":null}},{"start":{},"end":{}}]},"1":{"loc":{"start":{"line":11,"column":8},"end":{"line":11,"column":29}},"type":"binary-expr","locations":[{"start":{"line":11,"column":8},"end":{"line":11,"column":18}},{"start":{"line":11,"column":18},"end":{"line":11,"column":29}}]},"2":{"loc":{"start":{"line":25,"column":4},"end":{"line":30,"column":null}},"type":"if","locations":[{"start":{"line":25,"column":4},"end":{"line":30,"column":null}},{"start":{},"end":{}}]},"3":{"loc":{"start":{"line":34,"column":4},"end":{"line":39,"column":null}},"type":"if","locations":[{"start":{"line":34,"column":4},"end":{"line":39,"column":null}},{"start":{},"end":{}}]},"4":{"loc":{"start":{"line":43,"column":6},"end":{"line":43,"column":null}},"type":"binary-expr","locations":[{"start":{"line":43,"column":6},"end":{"line":43,"column":28}},{"start":{"line":43,"column":32},"end":{"line":43,"column":null}}]}},"s":{"0":0,"1":0,"2":0,"3":0,"4":0,"5":0,"6":0,"7":0,"8":0,"9":0,"10":0,"11":0,"12":0,"13":0,"14":0,"15":0,"16":0,"17":0,"18":0,"19":0,"20":0,"21":0},"f":{"0":0},"b":{"0":[0,0],"1":[0,0],"2":[0,0],"3":[0,0],"4":[0,0]}}
,"C:\\Users\\adity\\Downloads\\getfruitika-main (1)\\getfruitika-main\\app\\api\\auth\\logout\\route.ts": {"path":"C:\\Users\\adity\\Downloads\\getfruitika-main (1)\\getfruitika-main\\app\\api\\auth\\logout\\route.ts","statementMap":{"0":{"start":{"line":3,"column":22},"end":{"line":3,"column":null}},"1":{"start":{"line":1,"column":29},"end":{"line":1,"column":null}},"2":{"start":{"line":4,"column":19},"end":{"line":4,"column":null}},"3":{"start":{"line":6,"column":2},"end":{"line":11,"column":null}},"4":{"start":{"line":13,"column":2},"end":{"line":13,"column":null}}},"fnMap":{"0":{"name":"POST","decl":{"start":{"line":3,"column":22},"end":{"line":3,"column":null}},"loc":{"start":{"line":3,"column":22},"end":{"line":14,"column":null}}}},"branchMap":{},"s":{"0":0,"1":0,"2":0,"3":0,"4":0},"f":{"0":0},"b":{}}
,"C:\\Users\\adity\\Downloads\\getfruitika-main (1)\\getfruitika-main\\app\\api\\auth\\me\\route.ts": {"path":"C:\\Users\\adity\\Downloads\\getfruitika-main (1)\\getfruitika-main\\app\\api\\auth\\me\\route.ts","statementMap":{"0":{"start":{"line":5,"column":22},"end":{"line":5,"column":26}},"1":{"start":{"line":1,"column":42},"end":{"line":1,"column":null}},"2":{"start":{"line":2,"column":23},"end":{"line":2,"column":null}},"3":{"start":{"line":3,"column":16},"end":{"line":3,"column":null}},"4":{"start":{"line":6,"column":2},"end":{"line":28,"column":null}},"5":{"start":{"line":7,"column":18},"end":{"line":7,"column":null}},"6":{"start":{"line":9,"column":4},"end":{"line":11,"column":null}},"7":{"start":{"line":10,"column":6},"end":{"line":10,"column":null}},"8":{"start":{"line":13,"column":20},"end":{"line":13,"column":null}},"9":{"start":{"line":15,"column":17},"end":{"line":18,"column":null}},"10":{"start":{"line":20,"column":4},"end":{"line":22,"column":null}},"11":{"start":{"line":21,"column":6},"end":{"line":21,"column":null}},"12":{"start":{"line":24,"column":4},"end":{"line":24,"column":null}},"13":{"start":{"line":26,"column":4},"end":{"line":26,"column":null}},"14":{"start":{"line":27,"column":4},"end":{"line":27,"column":null}}},"fnMap":{"0":{"name":"GET","decl":{"start":{"line":5,"column":22},"end":{"line":5,"column":26}},"loc":{"start":{"line":5,"column":46},"end":{"line":29,"column":null}}}},"branchMap":{"0":{"loc":{"start":{"line":9,"column":4},"end":{"line":11,"column":null}},"type":"if","locations":[{"start":{"line":9,"column":4},"end":{"line":11,"column":null}},{"start":{},"end":{}}]},"1":{"loc":{"start":{"line":13,"column":38},"end":{"line":13,"column":null}},"type":"binary-expr","locations":[{"start":{"line":13,"column":38},"end":{"line":13,"column":60}},{"start":{"line":13,"column":64},"end":{"line":13,"column":null}}]},"2":{"loc":{"start":{"line":20,"column":4},"end":{"line":22,"column":null}},"type":"if","locations":[{"start":{"line":20,"column":4},"end":{"line":22,"column":null}},{"start":{},"end":{}}]}},"s":{"0":0,"1":0,"2":0,"3":0,"4":0,"5":0,"6":0,"7":0,"8":0,"9":0,"10":0,"11":0,"12":0,"13":0,"14":0},"f":{"0":0},"b":{"0":[0,0],"1":[0,0],"2":[0,0]}}
,"C:\\Users\\adity\\Downloads\\getfruitika-main (1)\\getfruitika-main\\app\\api\\auth\\signup\\route.ts": {"path":"C:\\Users\\adity\\Downloads\\getfruitika-main (1)\\getfruitika-main\\app\\api\\auth\\signup\\route.ts","statementMap":{"0":{"start":{"line":6,"column":22},"end":{"line":6,"column":27}},"1":{"start":{"line":1,"column":42},"end":{"line":1,"column":null}},"2":{"start":{"line":2,"column":23},"end":{"line":2,"column":null}},"3":{"start":{"line":3,"column":19},"end":{"line":3,"column":null}},"4":{"start":{"line":4,"column":16},"end":{"line":4,"column":null}},"5":{"start":{"line":7,"column":2},"end":{"line":72,"column":null}},"6":{"start":{"line":8,"column":17},"end":{"line":8,"column":null}},"7":{"start":{"line":9,"column":38},"end":{"line":9,"column":null}},"8":{"start":{"line":11,"column":4},"end":{"line":16,"column":null}},"9":{"start":{"line":12,"column":6},"end":{"line":14,"column":null}},"10":{"start":{"line":18,"column":25},"end":{"line":23,"column":null}},"11":{"start":{"line":25,"column":4},"end":{"line":30,"column":null}},"12":{"start":{"line":26,"column":6},"end":{"line":28,"column":null}},"13":{"start":{"line":32,"column":27},"end":{"line":32,"column":null}},"14":{"start":{"line":34,"column":17},"end":{"line":40,"column":null}},"15":{"start":{"line":42,"column":18},"end":{"line":45,"column":null}},"16":{"start":{"line":48,"column":21},"end":{"line":56,"column":null}},"17":{"start":{"line":58,"column":4},"end":{"line":63,"column":null}},"18":{"start":{"line":65,"column":4},"end":{"line":65,"column":null}},"19":{"start":{"line":67,"column":4},"end":{"line":67,"column":null}},"20":{"start":{"line":68,"column":4},"end":{"line":70,"column":null}}},"fnMap":{"0":{"name":"POST","decl":{"start":{"line":6,"column":22},"end":{"line":6,"column":27}},"loc":{"start":{"line":6,"column":47},"end":{"line":73,"column":null}}}},"branchMap":{"0":{"loc":{"start":{"line":11,"column":4},"end":{"line":16,"column":null}},"type":"if","locations":[{"start":{"line":11,"column":4},"end":{"line":16,"column":null}},{"start":{},"end":{}}]},"1":{"loc":{"start":{"line":11,"column":8},"end":{"line":11,"column":38}},"type":"binary-expr","locations":[{"start":{"line":11,"column":8},"end":{"line":11,"column":17}},{"start":{"line":11,"column":17},"end":{"line":11,"column":27}},{"start":{"line":11,"column":27},"end":{"line":11,"column":38}}]},"2":{"loc":{"start":{"line":25,"column":4},"end":{"line":30,"column":null}},"type":"if","locations":[{"start":{"line":25,"column":4},"end":{"line":30,"column":null}},{"start":{},"end":{}}]},"3":{"loc":{"start":{"line":44,"column":6},"end":{"line":44,"column":null}},"type":"binary-expr","locations":[{"start":{"line":44,"column":6},"end":{"line":44,"column":28}},{"start":{"line":44,"column":32},"end":{"line":44,"column":null}}]}},"s":{"0":0,"1":0,"2":0,"3":0,"4":0,"5":0,"6":0,"7":0,"8":0,"9":0,"10":0,"11":0,"12":0,"13":0,"14":0,"15":0,"16":0,"17":0,"18":0,"19":0,"20":0},"f":{"0":0},"b":{"0":[0,0],"1":[0,0,0],"2":[0,0],"3":[0,0]}}
,"C:\\Users\\adity\\Downloads\\getfruitika-main (1)\\getfruitika-main\\app\\api\\careers\\route.ts": {"path":"C:\\Users\\adity\\Downloads\\getfruitika-main (1)\\getfruitika-main\\app\\api\\careers\\route.ts","statementMap":{"0":{"start":{"line":5,"column":22},"end":{"line":5,"column":25}},"1":{"start":{"line":17,"column":22},"end":{"line":17,"column":26}},"2":{"start":{"line":1,"column":42},"end":{"line":1,"column":null}},"3":{"start":{"line":2,"column":23},"end":{"line":2,"column":null}},"4":{"start":{"line":3,"column":23},"end":{"line":3,"column":null}},"5":{"start":{"line":6,"column":2},"end":{"line":14,"column":null}},"6":{"start":{"line":7,"column":20},"end":{"line":9,"column":null}},"7":{"start":{"line":10,"column":4},"end":{"line":10,"column":null}},"8":{"start":{"line":12,"column":4},"end":{"line":12,"column":null}},"9":{"start":{"line":13,"column":4},"end":{"line":13,"column":null}},"10":{"start":{"line":18,"column":2},"end":{"line":134,"column":null}},"11":{"start":{"line":19,"column":21},"end":{"line":19,"column":null}},"12":{"start":{"line":21,"column":17},"end":{"line":21,"column":null}},"13":{"start":{"line":22,"column":18},"end":{"line":22,"column":null}},"14":{"start":{"line":23,"column":18},"end":{"line":23,"column":null}},"15":{"start":{"line":24,"column":21},"end":{"line":24,"column":null}},"16":{"start":{"line":25,"column":23},"end":{"line":25,"column":null}},"17":{"start":{"line":26,"column":21},"end":{"line":26,"column":null}},"18":{"start":{"line":27,"column":24},"end":{"line":27,"column":null}},"19":{"start":{"line":28,"column":19},"end":{"line":28,"column":null}},"20":{"start":{"line":30,"column":4},"end":{"line":35,"column":null}},"21":{"start":{"line":31,"column":6},"end":{"line":33,"column":null}},"22":{"start":{"line":38,"column":23},"end":{"line":38,"column":null}},"23":{"start":{"line":39,"column":21},"end":{"line":39,"column":null}},"24":{"start":{"line":40,"column":4},"end":{"line":44,"column":null}},"25":{"start":{"line":41,"column":20},"end":{"line":41,"column":null}},"26":{"start":{"line":42,"column":6},"end":{"line":42,"column":null}},"27":{"start":{"line":43,"column":6},"end":{"line":43,"column":null}},"28":{"start":{"line":47,"column":19},"end":{"line":58,"column":null}},"29":{"start":{"line":61,"column":4},"end":{"line":121,"column":null}},"30":{"start":{"line":62,"column":26},"end":{"line":68,"column":null}},"31":{"start":{"line":70,"column":26},"end":{"line":70,"column":28}},"32":{"start":{"line":71,"column":6},"end":{"line":77,"column":null}},"33":{"start":{"line":72,"column":8},"end":{"line":76,"column":null}},"34":{"start":{"line":80,"column":6},"end":{"line":97,"column":null}},"35":{"start":{"line":100,"column":6},"end":{"line":118,"column":null}},"36":{"start":{"line":120,"column":6},"end":{"line":120,"column":null}},"37":{"start":{"line":123,"column":4},"end":{"line":127,"column":null}},"38":{"start":{"line":129,"column":4},"end":{"line":129,"column":null}},"39":{"start":{"line":130,"column":4},"end":{"line":132,"column":null}}},"fnMap":{"0":{"name":"GET","decl":{"start":{"line":5,"column":22},"end":{"line":5,"column":25}},"loc":{"start":{"line":5,"column":22},"end":{"line":15,"column":null}}},"1":{"name":"POST","decl":{"start":{"line":17,"column":22},"end":{"line":17,"column":26}},"loc":{"start":{"line":17,"column":47},"end":{"line":135,"column":null}}}},"branchMap":{"0":{"loc":{"start":{"line":30,"column":4},"end":{"line":35,"column":null}},"type":"if","locations":[{"start":{"line":30,"column":4},"end":{"line":35,"column":null}},{"start":{},"end":{}}]},"1":{"loc":{"start":{"line":30,"column":8},"end":{"line":30,"column":53}},"type":"binary-expr","locations":[{"start":{"line":30,"column":8},"end":{"line":30,"column":17}},{"start":{"line":30,"column":17},"end":{"line":30,"column":27}},{"start":{"line":30,"column":27},"end":{"line":30,"column":40}},{"start":{"line":30,"column":40},"end":{"line":30,"column":53}}]},"2":{"loc":{"start":{"line":40,"column":4},"end":{"line":44,"column":null}},"type":"if","locations":[{"start":{"line":40,"column":4},"end":{"line":44,"column":null}},{"start":{},"end":{}}]},"3":{"loc":{"start":{"line":40,"column":8},"end":{"line":40,"column":35}},"type":"binary-expr","locations":[{"start":{"line":40,"column":8},"end":{"line":40,"column":18}},{"start":{"line":40,"column":18},"end":{"line":40,"column":35}}]},"4":{"loc":{"start":{"line":51,"column":15},"end":{"line":51,"column":null}},"type":"binary-expr","locations":[{"start":{"line":51,"column":15},"end":{"line":51,"column":24}},{"start":{"line":51,"column":24},"end":{"line":51,"column":null}}]},"5":{"loc":{"start":{"line":54,"column":18},"end":{"line":54,"column":null}},"type":"binary-expr","locations":[{"start":{"line":54,"column":18},"end":{"line":54,"column":30}},{"start":{"line":54,"column":30},"end":{"line":54,"column":null}}]},"6":{"loc":{"start":{"line":55,"column":21},"end":{"line":55,"column":null}},"type":"binary-expr","locations":[{"start":{"line":55,"column":21},"end":{"line":55,"column":36}},{"start":{"line":55,"column":36},"end":{"line":55,"column":null}}]},"7":{"loc":{"start":{"line":56,"column":19},"end":{"line":56,"column":null}},"type":"binary-expr","locations":[{"start":{"line":56,"column":19},"end":{"line":56,"column":33}},{"start":{"line":56,"column":33},"end":{"line":56,"column":null}}]},"8":{"loc":{"start":{"line":71,"column":6},"end":{"line":77,"column":null}},"type":"if","locations":[{"start":{"line":71,"column":6},"end":{"line":77,"column":null}},{"start":{},"end":{}}]},"9":{"loc":{"start":{"line":71,"column":10},"end":{"line":71,"column":38}},"type":"binary-expr","locations":[{"start":{"line":71,"column":10},"end":{"line":71,"column":26}},{"start":{"line":71,"column":26},"end":{"line":71,"column":38}}]},"10":{"loc":{"start":{"line":89,"column":39},"end":{"line":89,"column":63}},"type":"binary-expr","locations":[{"start":{"line":89,"column":39},"end":{"line":89,"column":48}},{"start":{"line":89,"column":48},"end":{"line":89,"column":63}}]},"11":{"loc":{"start":{"line":91,"column":42},"end":{"line":91,"column":69}},"type":"binary-expr","locations":[{"start":{"line":91,"column":42},"end":{"line":91,"column":54}},{"start":{"line":91,"column":54},"end":{"line":91,"column":69}}]},"12":{"loc":{"start":{"line":93,"column":15},"end":{"line":93,"column":46}},"type":"binary-expr","locations":[{"start":{"line":93,"column":15},"end":{"line":93,"column":30}},{"start":{"line":93,"column":30},"end":{"line":93,"column":46}}]},"13":{"loc":{"start":{"line":94,"column":12},"end":{"line":94,"column":133}},"type":"cond-expr","locations":[{"start":{"line":94,"column":25},"end":{"line":94,"column":83}},{"start":{"line":94,"column":86},"end":{"line":94,"column":133}}]},"14":{"loc":{"start":{"line":113,"column":26},"end":{"line":113,"column":67}},"type":"cond-expr","locations":[{"start":{"line":113,"column":39},"end":{"line":113,"column":52}},{"start":{"line":113,"column":52},"end":{"line":113,"column":67}}]}},"s":{"0":0,"1":0,"2":0,"3":0,"4":0,"5":0,"6":0,"7":0,"8":0,"9":0,"10":0,"11":0,"12":0,"13":0,"14":0,"15":0,"16":0,"17":0,"18":0,"19":0,"20":0,"21":0,"22":0,"23":0,"24":0,"25":0,"26":0,"27":0,"28":0,"29":0,"30":0,"31":0,"32":0,"33":0,"34":0,"35":0,"36":0,"37":0,"38":0,"39":0},"f":{"0":0,"1":0},"b":{"0":[0,0],"1":[0,0,0,0],"2":[0,0],"3":[0,0],"4":[0,0],"5":[0,0],"6":[0,0],"7":[0,0],"8":[0,0],"9":[0,0],"10":[0,0],"11":[0,0],"12":[0,0],"13":[0,0],"14":[0,0]}}
,"C:\\Users\\adity\\Downloads\\getfruitika-main (1)\\getfruitika-main\\app\\api\\contact\\route.ts": {"path":"C:\\Users\\adity\\Downloads\\getfruitika-main (1)\\getfruitika-main\\app\\api\\contact\\route.ts","statementMap":{"0":{"start":{"line":5,"column":22},"end":{"line":5,"column":27}},"1":{"start":{"line":1,"column":42},"end":{"line":1,"column":null}},"2":{"start":{"line":2,"column":23},"end":{"line":2,"column":null}},"3":{"start":{"line":3,"column":23},"end":{"line":3,"column":null}},"4":{"start":{"line":6,"column":2},"end":{"line":90,"column":null}},"5":{"start":{"line":7,"column":17},"end":{"line":7,"column":null}},"6":{"start":{"line":8,"column":53},"end":{"line":8,"column":null}},"7":{"start":{"line":10,"column":4},"end":{"line":15,"column":null}},"8":{"start":{"line":11,"column":6},"end":{"line":13,"column":null}},"9":{"start":{"line":18,"column":20},"end":{"line":26,"column":null}},"10":{"start":{"line":29,"column":4},"end":{"line":77,"column":null}},"11":{"start":{"line":30,"column":6},"end":{"line":30,"column":null}},"12":{"start":{"line":31,"column":26},"end":{"line":37,"column":null}},"13":{"start":{"line":39,"column":6},"end":{"line":39,"column":null}},"14":{"start":{"line":41,"column":6},"end":{"line":54,"column":null}},"15":{"start":{"line":55,"column":6},"end":{"line":55,"column":null}},"16":{"start":{"line":57,"column":6},"end":{"line":57,"column":null}},"17":{"start":{"line":59,"column":6},"end":{"line":72,"column":null}},"18":{"start":{"line":73,"column":6},"end":{"line":73,"column":null}},"19":{"start":{"line":75,"column":6},"end":{"line":75,"column":null}},"20":{"start":{"line":79,"column":4},"end":{"line":83,"column":null}},"21":{"start":{"line":85,"column":4},"end":{"line":85,"column":null}},"22":{"start":{"line":86,"column":4},"end":{"line":88,"column":null}}},"fnMap":{"0":{"name":"POST","decl":{"start":{"line":5,"column":22},"end":{"line":5,"column":27}},"loc":{"start":{"line":5,"column":47},"end":{"line":91,"column":null}}}},"branchMap":{"0":{"loc":{"start":{"line":10,"column":4},"end":{"line":15,"column":null}},"type":"if","locations":[{"start":{"line":10,"column":4},"end":{"line":15,"column":null}},{"start":{},"end":{}}]},"1":{"loc":{"start":{"line":10,"column":8},"end":{"line":10,"column":37}},"type":"binary-expr","locations":[{"start":{"line":10,"column":8},"end":{"line":10,"column":17}},{"start":{"line":10,"column":17},"end":{"line":10,"column":27}},{"start":{"line":10,"column":27},"end":{"line":10,"column":37}}]},"2":{"loc":{"start":{"line":22,"column":15},"end":{"line":22,"column":null}},"type":"binary-expr","locations":[{"start":{"line":22,"column":15},"end":{"line":22,"column":24}},{"start":{"line":22,"column":24},"end":{"line":22,"column":null}}]},"3":{"loc":{"start":{"line":23,"column":17},"end":{"line":23,"column":null}},"type":"binary-expr","locations":[{"start":{"line":23,"column":17},"end":{"line":23,"column":28}},{"start":{"line":23,"column":28},"end":{"line":23,"column":null}}]},"4":{"loc":{"start":{"line":49,"column":39},"end":{"line":49,"column":63}},"type":"binary-expr","locations":[{"start":{"line":49,"column":39},"end":{"line":49,"column":48}},{"start":{"line":49,"column":48},"end":{"line":49,"column":63}}]},"5":{"loc":{"start":{"line":50,"column":41},"end":{"line":50,"column":67}},"type":"binary-expr","locations":[{"start":{"line":50,"column":41},"end":{"line":50,"column":52}},{"start":{"line":50,"column":52},"end":{"line":50,"column":67}}]}},"s":{"0":0,"1":0,"2":0,"3":0,"4":0,"5":0,"6":0,"7":0,"8":0,"9":0,"10":0,"11":0,"12":0,"13":0,"14":0,"15":0,"16":0,"17":0,"18":0,"19":0,"20":0,"21":0,"22":0},"f":{"0":0},"b":{"0":[0,0],"1":[0,0,0],"2":[0,0],"3":[0,0],"4":[0,0],"5":[0,0]}}
,"C:\\Users\\adity\\Downloads\\getfruitika-main (1)\\getfruitika-main\\app\\api\\orders\\route.ts": {"path":"C:\\Users\\adity\\Downloads\\getfruitika-main (1)\\getfruitika-main\\app\\api\\orders\\route.ts","statementMap":{"0":{"start":{"line":4,"column":22},"end":{"line":4,"column":26}},"1":{"start":{"line":1,"column":42},"end":{"line":1,"column":null}},"2":{"start":{"line":2,"column":23},"end":{"line":2,"column":null}},"3":{"start":{"line":5,"column":2},"end":{"line":26,"column":null}},"4":{"start":{"line":7,"column":22},"end":{"line":17,"column":null}},"5":{"start":{"line":19,"column":4},"end":{"line":19,"column":null}},"6":{"start":{"line":19,"column":63},"end":{"line":19,"column":null}},"7":{"start":{"line":22,"column":4},"end":{"line":22,"column":null}},"8":{"start":{"line":24,"column":4},"end":{"line":24,"column":null}},"9":{"start":{"line":25,"column":4},"end":{"line":25,"column":null}}},"fnMap":{"0":{"name":"GET","decl":{"start":{"line":4,"column":22},"end":{"line":4,"column":26}},"loc":{"start":{"line":4,"column":46},"end":{"line":27,"column":null}}},"1":{"name":"(anonymous_2)","decl":{"start":{"line":19,"column":57},"end":{"line":19,"column":63}},"loc":{"start":{"line":19,"column":63},"end":{"line":19,"column":null}}}},"branchMap":{},"s":{"0":0,"1":0,"2":0,"3":0,"4":0,"5":0,"6":0,"7":0,"8":0,"9":0},"f":{"0":0,"1":0},"b":{}}
,"C:\\Users\\adity\\Downloads\\getfruitika-main (1)\\getfruitika-main\\app\\api\\orders\\[id]\\route.ts": {"path":"C:\\Users\\adity\\Downloads\\getfruitika-main (1)\\getfruitika-main\\app\\api\\orders\\[id]\\route.ts","statementMap":{"0":{"start":{"line":4,"column":22},"end":{"line":4,"column":26}},"1":{"start":{"line":1,"column":42},"end":{"line":1,"column":null}},"2":{"start":{"line":2,"column":23},"end":{"line":2,"column":null}},"3":{"start":{"line":5,"column":2},"end":{"line":25,"column":null}},"4":{"start":{"line":6,"column":18},"end":{"line":15,"column":null}},"5":{"start":{"line":17,"column":4},"end":{"line":19,"column":null}},"6":{"start":{"line":18,"column":6},"end":{"line":18,"column":null}},"7":{"start":{"line":21,"column":4},"end":{"line":21,"column":null}},"8":{"start":{"line":23,"column":4},"end":{"line":23,"column":null}},"9":{"start":{"line":24,"column":4},"end":{"line":24,"column":null}}},"fnMap":{"0":{"name":"GET","decl":{"start":{"line":4,"column":22},"end":{"line":4,"column":26}},"loc":{"start":{"line":4,"column":86},"end":{"line":26,"column":null}}}},"branchMap":{"0":{"loc":{"start":{"line":17,"column":4},"end":{"line":19,"column":null}},"type":"if","locations":[{"start":{"line":17,"column":4},"end":{"line":19,"column":null}},{"start":{},"end":{}}]}},"s":{"0":0,"1":0,"2":0,"3":0,"4":0,"5":0,"6":0,"7":0,"8":0,"9":0},"f":{"0":0},"b":{"0":[0,0]}}
,"C:\\Users\\adity\\Downloads\\getfruitika-main (1)\\getfruitika-main\\app\\api\\orders\\create\\route.ts": {"path":"C:\\Users\\adity\\Downloads\\getfruitika-main (1)\\getfruitika-main\\app\\api\\orders\\create\\route.ts","statementMap":{"0":{"start":{"line":5,"column":22},"end":{"line":5,"column":27}},"1":{"start":{"line":1,"column":42},"end":{"line":1,"column":null}},"2":{"start":{"line":2,"column":23},"end":{"line":2,"column":null}},"3":{"start":{"line":6,"column":2},"end":{"line":44,"column":null}},"4":{"start":{"line":7,"column":17},"end":{"line":7,"column":null}},"5":{"start":{"line":8,"column":82},"end":{"line":8,"column":null}},"6":{"start":{"line":10,"column":4},"end":{"line":12,"column":null}},"7":{"start":{"line":11,"column":6},"end":{"line":11,"column":null}},"8":{"start":{"line":14,"column":4},"end":{"line":14,"column":null}},"9":{"start":{"line":16,"column":18},"end":{"line":38,"column":null}},"10":{"start":{"line":24,"column":44},"end":{"line":28,"column":null}},"11":{"start":{"line":40,"column":4},"end":{"line":40,"column":null}},"12":{"start":{"line":42,"column":4},"end":{"line":42,"column":null}},"13":{"start":{"line":43,"column":4},"end":{"line":43,"column":null}}},"fnMap":{"0":{"name":"POST","decl":{"start":{"line":5,"column":22},"end":{"line":5,"column":27}},"loc":{"start":{"line":5,"column":47},"end":{"line":45,"column":null}}},"1":{"name":"(anonymous_2)","decl":{"start":{"line":24,"column":28},"end":{"line":24,"column":29}},"loc":{"start":{"line":24,"column":44},"end":{"line":28,"column":null}}}},"branchMap":{"0":{"loc":{"start":{"line":10,"column":4},"end":{"line":12,"column":null}},"type":"if","locations":[{"start":{"line":10,"column":4},"end":{"line":12,"column":null}},{"start":{},"end":{}}]}},"s":{"0":0,"1":0,"2":0,"3":0,"4":0,"5":0,"6":0,"7":0,"8":0,"9":0,"10":0,"11":0,"12":0,"13":0},"f":{"0":0,"1":0},"b":{"0":[0,0]}}
,"C:\\Users\\adity\\Downloads\\getfruitika-main (1)\\getfruitika-main\\app\\api\\products\\route.ts": {"path":"C:\\Users\\adity\\Downloads\\getfruitika-main (1)\\getfruitika-main\\app\\api\\products\\route.ts","statementMap":{"0":{"start":{"line":4,"column":22},"end":{"line":4,"column":26}},"1":{"start":{"line":1,"column":42},"end":{"line":1,"column":null}},"2":{"start":{"line":2,"column":23},"end":{"line":2,"column":null}},"3":{"start":{"line":5,"column":2},"end":{"line":45,"column":null}},"4":{"start":{"line":6,"column":29},"end":{"line":6,"column":null}},"5":{"start":{"line":7,"column":21},"end":{"line":7,"column":null}},"6":{"start":{"line":8,"column":19},"end":{"line":8,"column":null}},"7":{"start":{"line":9,"column":19},"end":{"line":9,"column":null}},"8":{"start":{"line":11,"column":21},"end":{"line":11,"column":null}},"9":{"start":{"line":13,"column":4},"end":{"line":15,"column":null}},"10":{"start":{"line":14,"column":6},"end":{"line":14,"column":null}},"11":{"start":{"line":17,"column":4},"end":{"line":22,"column":null}},"12":{"start":{"line":18,"column":6},"end":{"line":21,"column":null}},"13":{"start":{"line":24,"column":23},"end":{"line":24,"column":null}},"14":{"start":{"line":26,"column":4},"end":{"line":34,"column":null}},"15":{"start":{"line":27,"column":6},"end":{"line":27,"column":null}},"16":{"start":{"line":28,"column":11},"end":{"line":34,"column":null}},"17":{"start":{"line":29,"column":6},"end":{"line":29,"column":null}},"18":{"start":{"line":30,"column":11},"end":{"line":34,"column":null}},"19":{"start":{"line":31,"column":6},"end":{"line":31,"column":null}},"20":{"start":{"line":32,"column":11},"end":{"line":34,"column":null}},"21":{"start":{"line":33,"column":6},"end":{"line":33,"column":null}},"22":{"start":{"line":36,"column":21},"end":{"line":39,"column":null}},"23":{"start":{"line":41,"column":4},"end":{"line":41,"column":null}},"24":{"start":{"line":43,"column":4},"end":{"line":43,"column":null}},"25":{"start":{"line":44,"column":4},"end":{"line":44,"column":null}}},"fnMap":{"0":{"name":"GET","decl":{"start":{"line":4,"column":22},"end":{"line":4,"column":26}},"loc":{"start":{"line":4,"column":46},"end":{"line":46,"column":null}}}},"branchMap":{"0":{"loc":{"start":{"line":13,"column":4},"end":{"line":15,"column":null}},"type":"if","locations":[{"start":{"line":13,"column":4},"end":{"line":15,"column":null}},{"start":{},"end":{}}]},"1":{"loc":{"start":{"line":13,"column":8},"end":{"line":13,"column":40}},"type":"binary-expr","locations":[{"start":{"line":13,"column":8},"end":{"line":13,"column":20}},{"start":{"line":13,"column":20},"end":{"line":13,"column":40}}]},"2":{"loc":{"start":{"line":17,"column":4},"end":{"line":22,"column":null}},"type":"if","locations":[{"start":{"line":17,"column":4},"end":{"line":22,"column":null}},{"start":{},"end":{}}]},"3":{"loc":{"start":{"line":26,"column":4},"end":{"line":34,"column":null}},"type":"if","locations":[{"start":{"line":26,"column":4},"end":{"line":34,"column":null}},{"start":{"line":28,"column":11},"end":{"line":34,"column":null}}]},"4":{"loc":{"start":{"line":28,"column":11},"end":{"line":34,"column":null}},"type":"if","locations":[{"start":{"line":28,"column":11},"end":{"line":34,"column":null}},{"start":{"line":30,"column":11},"end":{"line":34,"column":null}}]},"5":{"loc":{"start":{"line":30,"column":11},"end":{"line":34,"column":null}},"type":"if","locations":[{"start":{"line":30,"column":11},"end":{"line":34,"column":null}},{"start":{"line":32,"column":11},"end":{"line":34,"column":null}}]},"6":{"loc":{"start":{"line":32,"column":11},"end":{"line":34,"column":null}},"type":"if","locations":[{"start":{"line":32,"column":11},"end":{"line":34,"column":null}},{"start":{},"end":{}}]}},"s":{"0":0,"1":0,"2":0,"3":0,"4":0,"5":0,"6":0,"7":0,"8":0,"9":0,"10":0,"11":0,"12":0,"13":0,"14":0,"15":0,"16":0,"17":0,"18":0,"19":0,"20":0,"21":0,"22":0,"23":0,"24":0,"25":0},"f":{"0":0},"b":{"0":[0,0],"1":[0,0],"2":[0,0],"3":[0,0],"4":[0,0],"5":[0,0],"6":[0,0]}}
,"C:\\Users\\adity\\Downloads\\getfruitika-main (1)\\getfruitika-main\\app\\api\\products\\[id]\\route.ts": {"path":"C:\\Users\\adity\\Downloads\\getfruitika-main (1)\\getfruitika-main\\app\\api\\products\\[id]\\route.ts","statementMap":{"0":{"start":{"line":4,"column":22},"end":{"line":4,"column":null}},"1":{"start":{"line":1,"column":42},"end":{"line":1,"column":null}},"2":{"start":{"line":2,"column":23},"end":{"line":2,"column":null}},"3":{"start":{"line":8,"column":2},"end":{"line":21,"column":null}},"4":{"start":{"line":9,"column":20},"end":{"line":11,"column":null}},"5":{"start":{"line":13,"column":4},"end":{"line":15,"column":null}},"6":{"start":{"line":14,"column":6},"end":{"line":14,"column":null}},"7":{"start":{"line":17,"column":4},"end":{"line":17,"column":null}},"8":{"start":{"line":19,"column":4},"end":{"line":19,"column":null}},"9":{"start":{"line":20,"column":4},"end":{"line":20,"column":null}}},"fnMap":{"0":{"name":"GET","decl":{"start":{"line":4,"column":22},"end":{"line":4,"column":null}},"loc":{"start":{"line":6,"column":40},"end":{"line":22,"column":null}}}},"branchMap":{"0":{"loc":{"start":{"line":13,"column":4},"end":{"line":15,"column":null}},"type":"if","locations":[{"start":{"line":13,"column":4},"end":{"line":15,"column":null}},{"start":{},"end":{}}]}},"s":{"0":0,"1":0,"2":0,"3":0,"4":0,"5":0,"6":0,"7":0,"8":0,"9":0},"f":{"0":0},"b":{"0":[0,0]}}
,"C:\\Users\\adity\\Downloads\\getfruitika-main (1)\\getfruitika-main\\app\\api\\quote\\route.ts": {"path":"C:\\Users\\adity\\Downloads\\getfruitika-main (1)\\getfruitika-main\\app\\api\\quote\\route.ts","statementMap":{"0":{"start":{"line":5,"column":22},"end":{"line":5,"column":25}},"1":{"start":{"line":17,"column":22},"end":{"line":17,"column":26}},"2":{"start":{"line":1,"column":42},"end":{"line":1,"column":null}},"3":{"start":{"line":2,"column":23},"end":{"line":2,"column":null}},"4":{"start":{"line":3,"column":23},"end":{"line":3,"column":null}},"5":{"start":{"line":6,"column":2},"end":{"line":14,"column":null}},"6":{"start":{"line":7,"column":19},"end":{"line":9,"column":null}},"7":{"start":{"line":10,"column":4},"end":{"line":10,"column":null}},"8":{"start":{"line":12,"column":4},"end":{"line":12,"column":null}},"9":{"start":{"line":13,"column":4},"end":{"line":13,"column":null}},"10":{"start":{"line":18,"column":2},"end":{"line":106,"column":null}},"11":{"start":{"line":19,"column":17},"end":{"line":19,"column":null}},"12":{"start":{"line":20,"column":90},"end":{"line":20,"column":null}},"13":{"start":{"line":22,"column":4},"end":{"line":27,"column":null}},"14":{"start":{"line":23,"column":6},"end":{"line":25,"column":null}},"15":{"start":{"line":30,"column":18},"end":{"line":41,"column":null}},"16":{"start":{"line":44,"column":4},"end":{"line":93,"column":null}},"17":{"start":{"line":45,"column":26},"end":{"line":51,"column":null}},"18":{"start":{"line":54,"column":6},"end":{"line":70,"column":null}},"19":{"start":{"line":73,"column":6},"end":{"line":90,"column":null}},"20":{"start":{"line":92,"column":6},"end":{"line":92,"column":null}},"21":{"start":{"line":95,"column":4},"end":{"line":99,"column":null}},"22":{"start":{"line":101,"column":4},"end":{"line":101,"column":null}},"23":{"start":{"line":102,"column":4},"end":{"line":104,"column":null}}},"fnMap":{"0":{"name":"GET","decl":{"start":{"line":5,"column":22},"end":{"line":5,"column":25}},"loc":{"start":{"line":5,"column":22},"end":{"line":15,"column":null}}},"1":{"name":"POST","decl":{"start":{"line":17,"column":22},"end":{"line":17,"column":26}},"loc":{"start":{"line":17,"column":47},"end":{"line":107,"column":null}}}},"branchMap":{"0":{"loc":{"start":{"line":22,"column":4},"end":{"line":27,"column":null}},"type":"if","locations":[{"start":{"line":22,"column":4},"end":{"line":27,"column":null}},{"start":{},"end":{}}]},"1":{"loc":{"start":{"line":22,"column":8},"end":{"line":22,"column":71}},"type":"binary-expr","locations":[{"start":{"line":22,"column":8},"end":{"line":22,"column":17}},{"start":{"line":22,"column":17},"end":{"line":22,"column":27}},{"start":{"line":22,"column":27},"end":{"line":22,"column":39}},{"start":{"line":22,"column":39},"end":{"line":22,"column":52}},{"start":{"line":22,"column":52},"end":{"line":22,"column":71}}]},"2":{"loc":{"start":{"line":34,"column":15},"end":{"line":34,"column":null}},"type":"binary-expr","locations":[{"start":{"line":34,"column":15},"end":{"line":34,"column":24}},{"start":{"line":34,"column":24},"end":{"line":34,"column":null}}]},"3":{"loc":{"start":{"line":35,"column":17},"end":{"line":35,"column":null}},"type":"binary-expr","locations":[{"start":{"line":35,"column":17},"end":{"line":35,"column":28}},{"start":{"line":35,"column":28},"end":{"line":35,"column":null}}]},"4":{"loc":{"start":{"line":39,"column":17},"end":{"line":39,"column":null}},"type":"binary-expr","locations":[{"start":{"line":39,"column":17},"end":{"line":39,"column":28}},{"start":{"line":39,"column":28},"end":{"line":39,"column":null}}]},"5":{"loc":{"start":{"line":62,"column":39},"end":{"line":62,"column":63}},"type":"binary-expr","locations":[{"start":{"line":62,"column":39},"end":{"line":62,"column":48}},{"start":{"line":62,"column":48},"end":{"line":62,"column":63}}]},"6":{"loc":{"start":{"line":63,"column":41},"end":{"line":63,"column":67}},"type":"binary-expr","locations":[{"start":{"line":63,"column":41},"end":{"line":63,"column":52}},{"start":{"line":63,"column":52},"end":{"line":63,"column":67}}]},"7":{"loc":{"start":{"line":68,"column":15},"end":{"line":68,"column":33}},"type":"binary-expr","locations":[{"start":{"line":68,"column":15},"end":{"line":68,"column":26}},{"start":{"line":68,"column":26},"end":{"line":68,"column":33}}]}},"s":{"0":0,"1":0,"2":0,"3":0,"4":0,"5":0,"6":0,"7":0,"8":0,"9":0,"10":0,"11":0,"12":0,"13":0,"14":0,"15":0,"16":0,"17":0,"18":0,"19":0,"20":0,"21":0,"22":0,"23":0},"f":{"0":0,"1":0},"b":{"0":[0,0],"1":[0,0,0,0,0],"2":[0,0],"3":[0,0],"4":[0,0],"5":[0,0],"6":[0,0],"7":[0,0]}}
,"C:\\Users\\adity\\Downloads\\getfruitika-main (1)\\getfruitika-main\\app\\api\\test\\route.ts": {"path":"C:\\Users\\adity\\Downloads\\getfruitika-main (1)\\getfruitika-main\\app\\api\\test\\route.ts","statementMap":{"0":{"start":{"line":3,"column":22},"end":{"line":3,"column":null}},"1":{"start":{"line":1,"column":29},"end":{"line":1,"column":null}},"2":{"start":{"line":4,"column":2},"end":{"line":11,"column":null}}},"fnMap":{"0":{"name":"GET","decl":{"start":{"line":3,"column":22},"end":{"line":3,"column":null}},"loc":{"start":{"line":3,"column":22},"end":{"line":12,"column":null}}}},"branchMap":{"0":{"loc":{"start":{"line":9,"column":26},"end":{"line":9,"column":null}},"type":"binary-expr","locations":[{"start":{"line":9,"column":26},"end":{"line":9,"column":66}},{"start":{"line":9,"column":66},"end":{"line":9,"column":null}}]}},"s":{"0":0,"1":0,"2":0},"f":{"0":0},"b":{"0":[0,0]}}
,"C:\\Users\\adity\\Downloads\\getfruitika-main (1)\\getfruitika-main\\app\\api\\test-email\\route.ts": {"path":"C:\\Users\\adity\\Downloads\\getfruitika-main (1)\\getfruitika-main\\app\\api\\test-email\\route.ts","statementMap":{"0":{"start":{"line":4,"column":22},"end":{"line":4,"column":null}},"1":{"start":{"line":1,"column":29},"end":{"line":1,"column":null}},"2":{"start":{"line":2,"column":23},"end":{"line":2,"column":null}},"3":{"start":{"line":5,"column":2},"end":{"line":43,"column":null}},"4":{"start":{"line":6,"column":4},"end":{"line":6,"column":null}},"5":{"start":{"line":7,"column":4},"end":{"line":7,"column":null}},"6":{"start":{"line":8,"column":4},"end":{"line":8,"column":null}},"7":{"start":{"line":10,"column":24},"end":{"line":16,"column":null}},"8":{"start":{"line":19,"column":4},"end":{"line":19,"column":null}},"9":{"start":{"line":20,"column":4},"end":{"line":20,"column":null}},"10":{"start":{"line":23,"column":17},"end":{"line":28,"column":null}},"11":{"start":{"line":30,"column":4},"end":{"line":30,"column":null}},"12":{"start":{"line":32,"column":4},"end":{"line":36,"column":null}},"13":{"start":{"line":38,"column":4},"end":{"line":38,"column":null}},"14":{"start":{"line":39,"column":4},"end":{"line":42,"column":null}}},"fnMap":{"0":{"name":"GET","decl":{"start":{"line":4,"column":22},"end":{"line":4,"column":null}},"loc":{"start":{"line":4,"column":22},"end":{"line":44,"column":null}}}},"branchMap":{},"s":{"0":0,"1":0,"2":0,"3":0,"4":0,"5":0,"6":0,"7":0,"8":0,"9":0,"10":0,"11":0,"12":0,"13":0,"14":0},"f":{"0":0},"b":{}}
,"C:\\Users\\adity\\Downloads\\getfruitika-main (1)\\getfruitika-main\\app\\careers\\page.tsx": {"path":"C:\\Users\\adity\\Downloads\\getfruitika-main (1)\\getfruitika-main\\app\\careers\\page.tsx","statementMap":{"0":{"start":{"line":13,"column":24},"end":{"line":13,"column":null}},"1":{"start":{"line":3,"column":25},"end":{"line":3,"column":null}},"2":{"start":{"line":4,"column":17},"end":{"line":4,"column":null}},"3":{"start":{"line":5,"column":51},"end":{"line":5,"column":null}},"4":{"start":{"line":6,"column":23},"end":{"line":6,"column":null}},"5":{"start":{"line":7,"column":22},"end":{"line":7,"column":null}},"6":{"start":{"line":8,"column":22},"end":{"line":8,"column":null}},"7":{"start":{"line":9,"column":25},"end":{"line":9,"column":null}},"8":{"start":{"line":10,"column":57},"end":{"line":10,"column":null}},"9":{"start":{"line":11,"column":78},"end":{"line":11,"column":null}},"10":{"start":{"line":14,"column":34},"end":{"line":22,"column":null}},"11":{"start":{"line":23,"column":30},"end":{"line":23,"column":null}},"12":{"start":{"line":24,"column":36},"end":{"line":24,"column":null}},"13":{"start":{"line":26,"column":23},"end":{"line":28,"column":null}},"14":{"start":{"line":27,"column":4},"end":{"line":27,"column":null}},"15":{"start":{"line":30,"column":29},"end":{"line":32,"column":null}},"16":{"start":{"line":31,"column":4},"end":{"line":31,"column":null}},"17":{"start":{"line":34,"column":27},"end":{"line":38,"column":null}},"18":{"start":{"line":35,"column":4},"end":{"line":37,"column":null}},"19":{"start":{"line":36,"column":6},"end":{"line":36,"column":null}},"20":{"start":{"line":40,"column":23},"end":{"line":66,"column":null}},"21":{"start":{"line":41,"column":4},"end":{"line":41,"column":null}},"22":{"start":{"line":42,"column":4},"end":{"line":65,"column":null}},"23":{"start":{"line":43,"column":25},"end":{"line":43,"column":null}},"24":{"start":{"line":44,"column":6},"end":{"line":46,"column":null}},"25":{"start":{"line":45,"column":8},"end":{"line":45,"column":null}},"26":{"start":{"line":47,"column":6},"end":{"line":49,"column":null}},"27":{"start":{"line":48,"column":8},"end":{"line":48,"column":null}},"28":{"start":{"line":51,"column":23},"end":{"line":54,"column":null}},"29":{"start":{"line":56,"column":6},"end":{"line":61,"column":null}},"30":{"start":{"line":57,"column":8},"end":{"line":57,"column":null}},"31":{"start":{"line":59,"column":26},"end":{"line":59,"column":null}},"32":{"start":{"line":59,"column":61},"end":{"line":59,"column":null}},"33":{"start":{"line":60,"column":8},"end":{"line":60,"column":null}},"34":{"start":{"line":63,"column":6},"end":{"line":63,"column":null}},"35":{"start":{"line":64,"column":6},"end":{"line":64,"column":null}},"36":{"start":{"line":68,"column":2},"end":{"line":90,"column":null}},"37":{"start":{"line":182,"column":54},"end":{"line":182,"column":101}}},"fnMap":{"0":{"name":"CareersPage","decl":{"start":{"line":13,"column":24},"end":{"line":13,"column":null}},"loc":{"start":{"line":13,"column":24},"end":{"line":234,"column":null}}},"1":{"name":"(anonymous_3)","decl":{"start":{"line":26,"column":23},"end":{"line":26,"column":24}},"loc":{"start":{"line":26,"column":24},"end":{"line":28,"column":null}}},"2":{"name":"(anonymous_4)","decl":{"start":{"line":30,"column":29},"end":{"line":30,"column":30}},"loc":{"start":{"line":30,"column":30},"end":{"line":32,"column":null}}},"3":{"name":"(anonymous_5)","decl":{"start":{"line":34,"column":27},"end":{"line":34,"column":28}},"loc":{"start":{"line":34,"column":28},"end":{"line":38,"column":null}}},"4":{"name":"(anonymous_6)","decl":{"start":{"line":40,"column":23},"end":{"line":40,"column":30}},"loc":{"start":{"line":40,"column":30},"end":{"line":66,"column":null}}},"5":{"name":"(anonymous_7)","decl":{"start":{"line":44,"column":39},"end":{"line":44,"column":40}},"loc":{"start":{"line":44,"column":52},"end":{"line":46,"column":null}}},"6":{"name":"(anonymous_8)","decl":{"start":{"line":59,"column":54},"end":{"line":59,"column":61}},"loc":{"start":{"line":59,"column":61},"end":{"line":59,"column":null}}},"7":{"name":"(anonymous_9)","decl":{"start":{"line":182,"column":43},"end":{"line":182,"column":44}},"loc":{"start":{"line":182,"column":54},"end":{"line":182,"column":101}}}},"branchMap":{"0":{"loc":{"start":{"line":35,"column":4},"end":{"line":37,"column":null}},"type":"if","locations":[{"start":{"line":35,"column":4},"end":{"line":37,"column":null}},{"start":{},"end":{}}]},"1":{"loc":{"start":{"line":35,"column":8},"end":{"line":35,"column":43}},"type":"binary-expr","locations":[{"start":{"line":35,"column":8},"end":{"line":35,"column":22}},{"start":{"line":35,"column":26},"end":{"line":35,"column":43}}]},"2":{"loc":{"start":{"line":47,"column":6},"end":{"line":49,"column":null}},"type":"if","locations":[{"start":{"line":47,"column":6},"end":{"line":49,"column":null}},{"start":{},"end":{}}]},"3":{"loc":{"start":{"line":56,"column":6},"end":{"line":61,"column":null}},"type":"if","locations":[{"start":{"line":56,"column":6},"end":{"line":61,"column":null}},{"start":{"line":58,"column":13},"end":{"line":61,"column":null}}]},"4":{"loc":{"start":{"line":60,"column":52},"end":{"line":60,"column":88}},"type":"binary-expr","locations":[{"start":{"line":60,"column":52},"end":{"line":60,"column":67}},{"start":{"line":60,"column":71},"end":{"line":60,"column":88}}]},"5":{"loc":{"start":{"line":68,"column":2},"end":{"line":90,"column":null}},"type":"if","locations":[{"start":{"line":68,"column":2},"end":{"line":90,"column":null}},{"start":{},"end":{}}]}},"s":{"0":0,"1":0,"2":0,"3":0,"4":0,"5":0,"6":0,"7":0,"8":0,"9":0,"10":0,"11":0,"12":0,"13":0,"14":0,"15":0,"16":0,"17":0,"18":0,"19":0,"20":0,"21":0,"22":0,"23":0,"24":0,"25":0,"26":0,"27":0,"28":0,"29":0,"30":0,"31":0,"32":0,"33":0,"34":0,"35":0,"36":0,"37":0},"f":{"0":0,"1":0,"2":0,"3":0,"4":0,"5":0,"6":0,"7":0},"b":{"0":[0,0],"1":[0,0],"2":[0,0],"3":[0,0],"4":[0,0],"5":[0,0]}}
,"C:\\Users\\adity\\Downloads\\getfruitika-main (1)\\getfruitika-main\\app\\cart\\page.tsx": {"path":"C:\\Users\\adity\\Downloads\\getfruitika-main (1)\\getfruitika-main\\app\\cart\\page.tsx","statementMap":{"0":{"start":{"line":11,"column":24},"end":{"line":11,"column":null}},"1":{"start":{"line":3,"column":24},"end":{"line":3,"column":null}},"2":{"start":{"line":4,"column":17},"end":{"line":4,"column":null}},"3":{"start":{"line":5,"column":50},"end":{"line":5,"column":null}},"4":{"start":{"line":6,"column":23},"end":{"line":6,"column":null}},"5":{"start":{"line":7,"column":34},"end":{"line":7,"column":null}},"6":{"start":{"line":8,"column":26},"end":{"line":8,"column":null}},"7":{"start":{"line":9,"column":18},"end":{"line":9,"column":null}},"8":{"start":{"line":12,"column":93},"end":{"line":12,"column":null}},"9":{"start":{"line":14,"column":31},"end":{"line":19,"column":null}},"10":{"start":{"line":15,"column":17},"end":{"line":15,"column":null}},"11":{"start":{"line":15,"column":40},"end":{"line":15,"column":null}},"12":{"start":{"line":16,"column":4},"end":{"line":18,"column":null}},"13":{"start":{"line":17,"column":6},"end":{"line":17,"column":null}},"14":{"start":{"line":21,"column":19},"end":{"line":21,"column":null}},"15":{"start":{"line":22,"column":19},"end":{"line":22,"column":null}},"16":{"start":{"line":23,"column":16},"end":{"line":23,"column":null}},"17":{"start":{"line":60,"column":16},"end":{"line":60,"column":36}},"18":{"start":{"line":69,"column":75},"end":{"line":69,"column":null}},"19":{"start":{"line":73,"column":75},"end":{"line":73,"column":null}},"20":{"start":{"line":80,"column":73},"end":{"line":80,"column":98}}},"fnMap":{"0":{"name":"CartPage","decl":{"start":{"line":11,"column":24},"end":{"line":11,"column":null}},"loc":{"start":{"line":11,"column":24},"end":{"line":122,"column":null}}},"1":{"name":"(anonymous_3)","decl":{"start":{"line":14,"column":31},"end":{"line":14,"column":32}},"loc":{"start":{"line":14,"column":44},"end":{"line":19,"column":null}}},"2":{"name":"(anonymous_4)","decl":{"start":{"line":15,"column":32},"end":{"line":15,"column":40}},"loc":{"start":{"line":15,"column":40},"end":{"line":15,"column":null}}},"3":{"name":"(anonymous_5)","decl":{"start":{"line":59,"column":29},"end":{"line":59,"column":30}},"loc":{"start":{"line":60,"column":16},"end":{"line":60,"column":36}}},"4":{"name":"(anonymous_6)","decl":{"start":{"line":69,"column":69},"end":{"line":69,"column":75}},"loc":{"start":{"line":69,"column":75},"end":{"line":69,"column":null}}},"5":{"name":"(anonymous_7)","decl":{"start":{"line":73,"column":69},"end":{"line":73,"column":75}},"loc":{"start":{"line":73,"column":75},"end":{"line":73,"column":null}}},"6":{"name":"(anonymous_8)","decl":{"start":{"line":80,"column":67},"end":{"line":80,"column":73}},"loc":{"start":{"line":80,"column":73},"end":{"line":80,"column":98}}}},"branchMap":{"0":{"loc":{"start":{"line":16,"column":4},"end":{"line":18,"column":null}},"type":"if","locations":[{"start":{"line":16,"column":4},"end":{"line":18,"column":null}},{"start":{},"end":{}}]},"1":{"loc":{"start":{"line":49,"column":10},"end":{"line":57,"column":11}},"type":"cond-expr","locations":[{"start":{"line":49,"column":10},"end":{"line":57,"column":11}}]}},"s":{"0":0,"1":0,"2":0,"3":0,"4":0,"5":0,"6":0,"7":0,"8":0,"9":0,"10":0,"11":0,"12":0,"13":0,"14":0,"15":0,"16":0,"17":0,"18":0,"19":0,"20":0},"f":{"0":0,"1":0,"2":0,"3":0,"4":0,"5":0,"6":0},"b":{"0":[0,0],"1":[0]}}
,"C:\\Users\\adity\\Downloads\\getfruitika-main (1)\\getfruitika-main\\app\\checkout\\page.tsx": {"path":"C:\\Users\\adity\\Downloads\\getfruitika-main (1)\\getfruitika-main\\app\\checkout\\page.tsx","statementMap":{"0":{"start":{"line":16,"column":24},"end":{"line":16,"column":null}},"1":{"start":{"line":3,"column":36},"end":{"line":3,"column":null}},"2":{"start":{"line":4,"column":17},"end":{"line":4,"column":null}},"3":{"start":{"line":5,"column":26},"end":{"line":5,"column":null}},"4":{"start":{"line":6,"column":24},"end":{"line":6,"column":null}},"5":{"start":{"line":7,"column":45},"end":{"line":7,"column":null}},"6":{"start":{"line":8,"column":23},"end":{"line":8,"column":null}},"7":{"start":{"line":9,"column":22},"end":{"line":9,"column":null}},"8":{"start":{"line":10,"column":22},"end":{"line":10,"column":null}},"9":{"start":{"line":11,"column":57},"end":{"line":11,"column":null}},"10":{"start":{"line":12,"column":26},"end":{"line":12,"column":null}},"11":{"start":{"line":13,"column":24},"end":{"line":13,"column":null}},"12":{"start":{"line":14,"column":18},"end":{"line":14,"column":null}},"13":{"start":{"line":17,"column":46},"end":{"line":17,"column":null}},"14":{"start":{"line":18,"column":36},"end":{"line":18,"column":null}},"15":{"start":{"line":19,"column":17},"end":{"line":19,"column":null}},"16":{"start":{"line":20,"column":32},"end":{"line":20,"column":null}},"17":{"start":{"line":21,"column":34},"end":{"line":34,"column":null}},"18":{"start":{"line":36,"column":23},"end":{"line":38,"column":null}},"19":{"start":{"line":37,"column":4},"end":{"line":37,"column":null}},"20":{"start":{"line":40,"column":2},"end":{"line":48,"column":null}},"21":{"start":{"line":41,"column":19},"end":{"line":41,"column":null}},"22":{"start":{"line":42,"column":4},"end":{"line":42,"column":null}},"23":{"start":{"line":43,"column":4},"end":{"line":43,"column":null}},"24":{"start":{"line":44,"column":4},"end":{"line":44,"column":null}},"25":{"start":{"line":45,"column":4},"end":{"line":47,"column":null}},"26":{"start":{"line":46,"column":6},"end":{"line":46,"column":null}},"27":{"start":{"line":50,"column":32},"end":{"line":109,"column":null}},"28":{"start":{"line":51,"column":20},"end":{"line":105,"column":null}},"29":{"start":{"line":59,"column":8},"end":{"line":95,"column":null}},"30":{"start":{"line":60,"column":10},"end":{"line":60,"column":null}},"31":{"start":{"line":61,"column":28},"end":{"line":73,"column":null}},"32":{"start":{"line":63,"column":38},"end":{"line":67,"column":null}},"33":{"start":{"line":75,"column":32},"end":{"line":79,"column":null}},"34":{"start":{"line":81,"column":10},"end":{"line":89,"column":null}},"35":{"start":{"line":82,"column":32},"end":{"line":82,"column":null}},"36":{"start":{"line":83,"column":12},"end":{"line":83,"column":null}},"37":{"start":{"line":84,"column":12},"end":{"line":84,"column":null}},"38":{"start":{"line":86,"column":30},"end":{"line":86,"column":null}},"39":{"start":{"line":86,"column":70},"end":{"line":86,"column":null}},"40":{"start":{"line":87,"column":12},"end":{"line":87,"column":null}},"41":{"start":{"line":88,"column":12},"end":{"line":88,"column":null}},"42":{"start":{"line":91,"column":10},"end":{"line":91,"column":null}},"43":{"start":{"line":92,"column":10},"end":{"line":92,"column":null}},"44":{"start":{"line":94,"column":10},"end":{"line":94,"column":null}},"45":{"start":{"line":107,"column":16},"end":{"line":107,"column":null}},"46":{"start":{"line":108,"column":4},"end":{"line":108,"column":null}},"47":{"start":{"line":111,"column":23},"end":{"line":133,"column":null}},"48":{"start":{"line":112,"column":4},"end":{"line":112,"column":null}},"49":{"start":{"line":114,"column":4},"end":{"line":118,"column":null}},"50":{"start":{"line":115,"column":6},"end":{"line":115,"column":null}},"51":{"start":{"line":116,"column":6},"end":{"line":116,"column":null}},"52":{"start":{"line":117,"column":6},"end":{"line":117,"column":null}},"53":{"start":{"line":120,"column":4},"end":{"line":124,"column":null}},"54":{"start":{"line":121,"column":6},"end":{"line":121,"column":null}},"55":{"start":{"line":122,"column":6},"end":{"line":122,"column":null}},"56":{"start":{"line":123,"column":6},"end":{"line":123,"column":null}},"57":{"start":{"line":126,"column":4},"end":{"line":129,"column":null}},"58":{"start":{"line":127,"column":6},"end":{"line":127,"column":null}},"59":{"start":{"line":128,"column":6},"end":{"line":128,"column":null}},"60":{"start":{"line":131,"column":4},"end":{"line":131,"column":null}},"61":{"start":{"line":132,"column":4},"end":{"line":132,"column":null}},"62":{"start":{"line":135,"column":19},"end":{"line":135,"column":null}},"63":{"start":{"line":136,"column":19},"end":{"line":136,"column":null}},"64":{"start":{"line":137,"column":14},"end":{"line":137,"column":null}},"65":{"start":{"line":138,"column":16},"end":{"line":138,"column":null}},"66":{"start":{"line":237,"column":20},"end":{"line":237,"column":39}}},"fnMap":{"0":{"name":"CheckoutPage","decl":{"start":{"line":16,"column":24},"end":{"line":16,"column":null}},"loc":{"start":{"line":16,"column":24},"end":{"line":287,"column":null}}},"1":{"name":"(anonymous_3)","decl":{"start":{"line":36,"column":23},"end":{"line":36,"column":24}},"loc":{"start":{"li
[...]
ka-main (1)\\getfruitika-main\\lib\\AuthContext.tsx": {"path":"C:\\Users\\adity\\Downloads\\getfruitika-main (1)\\getfruitika-main\\lib\\AuthContext.tsx","statementMap":{"0":{"start":{"line":23,"column":16},"end":{"line":23,"column":28}},"1":{"start":{"line":101,"column":16},"end":{"line":101,"column":23}},"2":{"start":{"line":3,"column":74},"end":{"line":3,"column":null}},"3":{"start":{"line":4,"column":36},"end":{"line":4,"column":null}},"4":{"start":{"line":21,"column":20},"end":{"line":21,"column":null}},"5":{"start":{"line":24,"column":26},"end":{"line":24,"column":null}},"6":{"start":{"line":25,"column":32},"end":{"line":25,"column":null}},"7":{"start":{"line":26,"column":36},"end":{"line":26,"column":null}},"8":{"start":{"line":28,"column":2},"end":{"line":45,"column":null}},"9":{"start":{"line":29,"column":4},"end":{"line":32,"column":null}},"10":{"start":{"line":30,"column":6},"end":{"line":30,"column":null}},"11":{"start":{"line":31,"column":6},"end":{"line":31,"column":null}},"12":{"start":{"line":34,"column":4},"end":{"line":44,"column":null}},"13":{"start":{"line":35,"column":6},"end":{"line":40,"column":null}},"14":{"start":{"line":41,"column":6},"end":{"line":41,"column":null}},"15":{"start":{"line":43,"column":6},"end":{"line":43,"column":null}},"16":{"start":{"line":47,"column":23},"end":{"line":61,"column":null}},"17":{"start":{"line":48,"column":4},"end":{"line":60,"column":null}},"18":{"start":{"line":49,"column":23},"end":{"line":49,"column":null}},"19":{"start":{"line":50,"column":6},"end":{"line":55,"column":null}},"20":{"start":{"line":51,"column":25},"end":{"line":51,"column":null}},"21":{"start":{"line":52,"column":8},"end":{"line":52,"column":null}},"22":{"start":{"line":54,"column":8},"end":{"line":54,"column":null}},"23":{"start":{"line":57,"column":6},"end":{"line":57,"column":null}},"24":{"start":{"line":59,"column":6},"end":{"line":59,"column":null}},"25":{"start":{"line":63,"column":16},"end":{"line":65,"column":null}},"26":{"start":{"line":64,"column":4},"end":{"line":64,"column":null}},"27":{"start":{"line":67,"column":22},"end":{"line":69,"column":null}},"28":{"start":{"line":68,"column":4},"end":{"line":68,"column":null}},"29":{"start":{"line":71,"column":17},"end":{"line":82,"column":null}},"30":{"start":{"line":72,"column":4},"end":{"line":81,"column":null}},"31":{"start":{"line":73,"column":6},"end":{"line":75,"column":null}},"32":{"start":{"line":74,"column":8},"end":{"line":74,"column":null}},"33":{"start":{"line":76,"column":6},"end":{"line":76,"column":null}},"34":{"start":{"line":78,"column":6},"end":{"line":78,"column":null}},"35":{"start":{"line":80,"column":6},"end":{"line":80,"column":null}},"36":{"start":{"line":84,"column":26},"end":{"line":84,"column":null}},"37":{"start":{"line":86,"column":2},"end":{"line":92,"column":null}},"38":{"start":{"line":102,"column":18},"end":{"line":102,"column":null}},"39":{"start":{"line":103,"column":2},"end":{"line":105,"column":null}},"40":{"start":{"line":104,"column":4},"end":{"line":104,"column":null}},"41":{"start":{"line":106,"column":2},"end":{"line":106,"column":null}}},"fnMap":{"0":{"name":"AuthProvider","decl":{"start":{"line":23,"column":16},"end":{"line":23,"column":28}},"loc":{"start":{"line":23,"column":66},"end":{"line":99,"column":null}}},"1":{"name":"(anonymous_4)","decl":{"start":{"line":28,"column":12},"end":{"line":28,"column":null}},"loc":{"start":{"line":28,"column":12},"end":{"line":45,"column":5}}},"2":{"name":"(anonymous_5)","decl":{"start":{"line":47,"column":23},"end":{"line":47,"column":null}},"loc":{"start":{"line":47,"column":23},"end":{"line":61,"column":null}}},"3":{"name":"(anonymous_6)","decl":{"start":{"line":63,"column":16},"end":{"line":63,"column":17}},"loc":{"start":{"line":63,"column":17},"end":{"line":65,"column":null}}},"4":{"name":"(anonymous_7)","decl":{"start":{"line":67,"column":22},"end":{"line":67,"column":null}},"loc":{"start":{"line":67,"column":22},"end":{"line":69,"column":null}}},"5":{"name":"(anonymous_8)","decl":{"start":{"line":71,"column":17},"end":{"line":71,"column":null}},"loc":{"start":{"line":71,"column":17},"end":{"line":82,"column":null}}},"6":{"name":"useAuth","decl":{"start":{"line":101,"column":16},"end":{"line":101,"column":23}},"loc":{"start":{"line":101,"column":16},"end":{"line":107,"column":null}}}},"branchMap":{"0":{"loc":{"start":{"line":29,"column":4},"end":{"line":32,"column":null}},"type":"if","locations":[{"start":{"line":29,"column":4},"end":{"line":32,"column":null}},{"start":{},"end":{}}]},"1":{"loc":{"start":{"line":34,"column":4},"end":{"line":44,"column":null}},"type":"if","locations":[{"start":{"line":34,"column":4},"end":{"line":44,"column":null}},{"start":{"line":42,"column":11},"end":{"line":44,"column":null}}]},"2":{"loc":{"start":{"line":36,"column":12},"end":{"line":36,"column":null}},"type":"binary-expr","locations":[{"start":{"line":36,"column":12},"end":{"line":36,"column":27}},{"start":{"line":36,"column":31},"end":{"line":36,"column":null}}]},"3":{"loc":{"start":{"line":37,"column":14},"end":{"line":37,"column":null}},"type":"binary-expr","locations":[{"start":{"line":37,"column":14},"end":{"line":37,"column":31}},{"start":{"line":37,"column":35},"end":{"line":37,"column":null}}]},"4":{"loc":{"start":{"line":38,"column":15},"end":{"line":38,"column":null}},"type":"binary-expr","locations":[{"start":{"line":38,"column":15},"end":{"line":38,"column":33}},{"start":{"line":38,"column":37},"end":{"line":38,"column":null}}]},"5":{"loc":{"start":{"line":39,"column":14},"end":{"line":39,"column":null}},"type":"binary-expr","locations":[{"start":{"line":39,"column":14},"end":{"line":39,"column":31}},{"start":{"line":39,"column":35},"end":{"line":39,"column":null}}]},"6":{"loc":{"start":{"line":50,"column":6},"end":{"line":55,"column":null}},"type":"if","locations":[{"start":{"line":50,"column":6},"end":{"line":55,"column":null}},{"start":{"line":53,"column":13},"end":{"line":55,"column":null}}]},"7":{"loc":{"start":{"line":73,"column":6},"end":{"line":75,"column":null}},"type":"if","locations":[{"start":{"line":73,"column":6},"end":{"line":75,"column":null}},{"start":{},"end":{}}]},"8":{"loc":{"start":{"line":86,"column":2},"end":{"line":92,"column":null}},"type":"if","locations":[{"start":{"line":86,"column":2},"end":{"line":92,"column":null}},{"start":{},"end":{}}]},"9":{"loc":{"start":{"line":103,"column":2},"end":{"line":105,"column":null}},"type":"if","locations":[{"start":{"line":103,"column":2},"end":{"line":105,"column":null}},{"start":{},"end":{}}]}},"s":{"0":0,"1":0,"2":0,"3":0,"4":0,"5":0,"6":0,"7":0,"8":0,"9":0,"10":0,"11":0,"12":0,"13":0,"14":0,"15":0,"16":0,"17":0,"18":0,"19":0,"20":0,"21":0,"22":0,"23":0,"24":0,"25":0,"26":0,"27":0,"28":0,"29":0,"30":0,"31":0,"32":0,"33":0,"34":0,"35":0,"36":0,"37":0,"38":0,"39":0,"40":0,"41":0},"f":{"0":0,"1":0,"2":0,"3":0,"4":0,"5":0,"6":0},"b":{"0":[0,0],"1":[0,0],"2":[0,0],"3":[0,0],"4":[0,0],"5":[0,0],"6":[0,0],"7":[0,0],"8":[0,0],"9":[0,0]}}
,"C:\\Users\\adity\\Downloads\\getfruitika-main (1)\\getfruitika-main\\lib\\CartContext.tsx": {"path":"C:\\Users\\adity\\Downloads\\getfruitika-main (1)\\getfruitika-main\\lib\\CartContext.tsx","statementMap":{"0":{"start":{"line":25,"column":16},"end":{"line":25,"column":28}},"1":{"start":{"line":85,"column":16},"end":{"line":85,"column":23}},"2":{"start":{"line":3,"column":63},"end":{"line":3,"column":null}},"3":{"start":{"line":23,"column":20},"end":{"line":23,"column":null}},"4":{"start":{"line":26,"column":28},"end":{"line":26,"column":null}},"5":{"start":{"line":28,"column":20},"end":{"line":40,"column":null}},"6":{"start":{"line":29,"column":4},"end":{"line":39,"column":null}},"7":{"start":{"line":30,"column":27},"end":{"line":30,"column":null}},"8":{"start":{"line":30,"column":53},"end":{"line":30,"column":75}},"9":{"start":{"line":31,"column":6},"end":{"line":37,"column":null}},"10":{"start":{"line":32,"column":8},"end":{"line":35,"column":null}},"11":{"start":{"line":33,"column":10},"end":{"line":35,"column":null}},"12":{"start":{"line":38,"column":6},"end":{"line":38,"column":null}},"13":{"start":{"line":42,"column":25},"end":{"line":44,"column":null}},"14":{"start":{"line":43,"column":4},"end":{"line":43,"column":null}},"15":{"start":{"line":43,"column":29},"end":{"line":43,"column":null}},"16":{"start":{"line":43,"column":57},"end":{"line":43,"column":null}},"17":{"start":{"line":46,"column":25},"end":{"line":56,"column":null}},"18":{"start":{"line":47,"column":4},"end":{"line":50,"column":null}},"19":{"start":{"line":48,"column":6},"end":{"line":48,"column":null}},"20":{"start":{"line":49,"column":6},"end":{"line":49,"column":null}},"21":{"start":{"line":51,"column":4},"end":{"line":53,"column":null}},"22":{"start":{"line":52,"column":6},"end":{"line":53,"column":null}},"23":{"start":{"line":53,"column":8},"end":{"line":53,"column":null}},"24":{"start":{"line":58,"column":24},"end":{"line":60,"column":null}},"25":{"start":{"line":59,"column":4},"end":{"line":59,"column":null}},"26":{"start":{"line":59,"column":41},"end":{"line":59,"column":62}},"27":{"start":{"line":62,"column":24},"end":{"line":64,"column":null}},"28":{"start":{"line":63,"column":4},"end":{"line":63,"column":null}},"29":{"start":{"line":63,"column":41},"end":{"line":63,"column":75}},"30":{"start":{"line":66,"column":20},"end":{"line":68,"column":null}},"31":{"start":{"line":67,"column":4},"end":{"line":67,"column":null}},"32":{"start":{"line":86,"column":18},"end":{"line":86,"column":null}},"33":{"start":{"line":87,"column":2},"end":{"line":89,"column":null}},"34":{"start":{"line":88,"column":4},"end":{"line":88,"column":null}},"35":{"start":{"line":90,"column":2},"end":{"line":90,"column":null}}},"fnMap":{"0":{"name":"CartProvider","decl":{"start":{"line":25,"column":16},"end":{"line":25,"column":28}},"loc":{"start":{"line":25,"column":66},"end":{"line":83,"column":null}}},"1":{"name":"(anonymous_4)","decl":{"start":{"line":28,"column":20},"end":{"line":28,"column":21}},"loc":{"start":{"line":28,"column":21},"end":{"line":40,"column":null}}},"2":{"name":"(anonymous_5)","decl":{"start":{"line":29,"column":13},"end":{"line":29,"column":null}},"loc":{"start":{"line":29,"column":13},"end":{"line":39,"column":null}}},"3":{"name":"(anonymous_6)","decl":{"start":{"line":30,"column":45},"end":{"line":30,"column":53}},"loc":{"start":{"line":30,"column":53},"end":{"line":30,"column":75}}},"4":{"name":"(anonymous_7)","decl":{"start":{"line":32,"column":32},"end":{"line":32,"column":null}},"loc":{"start":{"line":33,"column":10},"end":{"line":35,"column":null}}},"5":{"name":"(anonymous_8)","decl":{"start":{"line":42,"column":25},"end":{"line":42,"column":26}},"loc":{"start":{"line":42,"column":26},"end":{"line":44,"column":null}}},"6":{"name":"(anonymous_9)","decl":{"start":{"line":43,"column":13},"end":{"line":43,"column":29}},"loc":{"start":{"line":43,"column":29},"end":{"line":43,"column":null}}},"7":{"name":"(anonymous_10)","decl":{"start":{"line":43,"column":49},"end":{"line":43,"column":57}},"loc":{"start":{"line":43,"column":57},"end":{"line":43,"column":null}}},"8":{"name":"(anonymous_11)","decl":{"start":{"line":46,"column":25},"end":{"line":46,"column":26}},"loc":{"start":{"line":46,"column":38},"end":{"line":56,"column":null}}},"9":{"name":"(anonymous_12)","decl":{"start":{"line":51,"column":13},"end":{"line":51,"column":null}},"loc":{"start":{"line":52,"column":6},"end":{"line":53,"column":null}}},"10":{"name":"(anonymous_13)","decl":{"start":{"line":52,"column":23},"end":{"line":52,"column":null}},"loc":{"start":{"line":53,"column":8},"end":{"line":53,"column":null}}},"11":{"name":"(anonymous_14)","decl":{"start":{"line":58,"column":24},"end":{"line":58,"column":null}},"loc":{"start":{"line":58,"column":24},"end":{"line":60,"column":null}}},"12":{"name":"(anonymous_15)","decl":{"start":{"line":59,"column":24},"end":{"line":59,"column":25}},"loc":{"start":{"line":59,"column":41},"end":{"line":59,"column":62}}},"13":{"name":"(anonymous_16)","decl":{"start":{"line":62,"column":24},"end":{"line":62,"column":null}},"loc":{"start":{"line":62,"column":24},"end":{"line":64,"column":null}}},"14":{"name":"(anonymous_17)","decl":{"start":{"line":63,"column":24},"end":{"line":63,"column":25}},"loc":{"start":{"line":63,"column":41},"end":{"line":63,"column":75}}},"15":{"name":"(anonymous_18)","decl":{"start":{"line":66,"column":20},"end":{"line":66,"column":null}},"loc":{"start":{"line":66,"column":20},"end":{"line":68,"column":null}}},"16":{"name":"useCart","decl":{"start":{"line":85,"column":16},"end":{"line":85,"column":23}},"loc":{"start":{"line":85,"column":16},"end":{"line":91,"column":null}}}},"branchMap":{"0":{"loc":{"start":{"line":31,"column":6},"end":{"line":37,"column":null}},"type":"if","locations":[{"start":{"line":31,"column":6},"end":{"line":37,"column":null}},{"start":{},"end":{}}]},"1":{"loc":{"start":{"line":33,"column":10},"end":{"line":35,"column":null}},"type":"cond-expr","locations":[{"start":{"line":34,"column":14},"end":{"line":34,"column":null}},{"start":{"line":35,"column":14},"end":{"line":35,"column":null}}]},"2":{"loc":{"start":{"line":34,"column":52},"end":{"line":34,"column":75}},"type":"binary-expr","locations":[{"start":{"line":34,"column":52},"end":{"line":34,"column":68}},{"start":{"line":34,"column":72},"end":{"line":34,"column":75}}]},"3":{"loc":{"start":{"line":38,"column":55},"end":{"line":38,"column":77}},"type":"binary-expr","locations":[{"start":{"line":38,"column":55},"end":{"line":38,"column":71}},{"start":{"line":38,"column":75},"end":{"line":38,"column":77}}]},"4":{"loc":{"start":{"line":47,"column":4},"end":{"line":50,"column":null}},"type":"if","locations":[{"start":{"line":47,"column":4},"end":{"line":50,"column":null}},{"start":{},"end":{}}]},"5":{"loc":{"start":{"line":53,"column":8},"end":{"line":53,"column":null}},"type":"cond-expr","locations":[{"start":{"line":53,"column":25},"end":{"line":53,"column":49}},{"start":{"line":53,"column":49},"end":{"line":53,"column":null}}]},"6":{"loc":{"start":{"line":87,"column":2},"end":{"line":89,"column":null}},"type":"if","locations":[{"start":{"line":87,"column":2},"end":{"line":89,"column":null}},{"start":{},"end":{}}]}},"s":{"0":0,"1":0,"2":0,"3":0,"4":0,"5":0,"6":0,"7":0,"8":0,"9":0,"10":0,"11":0,"12":0,"13":0,"14":0,"15":0,"16":0,"17":0,"18":0,"19":0,"20":0,"21":0,"22":0,"23":0,"24":0,"25":0,"26":0,"27":0,"28":0,"29":0,"30":0,"31":0,"32":0,"33":0,"34":0,"35":0},"f":{"0":0,"1":0,"2":0,"3":0,"4":0,"5":0,"6":0,"7":0,"8":0,"9":0,"10":0,"11":0,"12":0,"13":0,"14":0,"15":0,"16":0},"b":{"0":[0,0],"1":[0,0],"2":[0,0],"3":[0,0],"4":[0,0],"5":[0,0],"6":[0,0]}}
,"C:\\Users\\adity\\Downloads\\getfruitika-main (1)\\getfruitika-main\\lib\\db.ts": {"path":"C:\\Users\\adity\\Downloads\\getfruitika-main (1)\\getfruitika-main\\lib\\db.ts","statementMap":{"0":{"start":{"line":7,"column":13},"end":{"line":7,"column":22}},"1":{"start":{"line":1,"column":29},"end":{"line":1,"column":null}},"2":{"start":{"line":3,"column":24},"end":{"line":3,"column":null}},"3":{"start":{"line":7,"column":22},"end":{"line":7,"column":null}},"4":{"start":{"line":9,"column":0},"end":{"line":9,"column":null}},"5":{"start":{"line":9,"column":43},"end":{"line":9,"column":null}}},"fnMap":{},"branchMap":{"0":{"loc":{"start":{"line":7,"column":22},"end":{"line":7,"column":null}},"type":"binary-expr","locations":[{"start":{"line":7,"column":22},"end":{"line":7,"column":44}},{"start":{"line":7,"column":48},"end":{"line":7,"column":null}}]},"1":{"loc":{"start":{"line":9,"column":0},"end":{"line":9,"column":null}},"type":"if","locations":[{"start":{"line":9,"column":0},"end":{"line":9,"column":null}},{"start":{},"end":{}}]}},"s":{"0":0,"1":0,"2":0,"3":0,"4":0,"5":0},"f":{},"b":{"0":[0,0],"1":[0,0]}}
,"C:\\Users\\adity\\Downloads\\getfruitika-main (1)\\getfruitika-main\\lib\\providers.tsx": {"path":"C:\\Users\\adity\\Downloads\\getfruitika-main (1)\\getfruitika-main\\lib\\providers.tsx","statementMap":{"0":{"start":{"line":7,"column":16},"end":{"line":7,"column":26}},"1":{"start":{"line":3,"column":32},"end":{"line":3,"column":null}},"2":{"start":{"line":4,"column":29},"end":{"line":4,"column":null}},"3":{"start":{"line":5,"column":29},"end":{"line":5,"column":null}}},"fnMap":{"0":{"name":"Providers","decl":{"start":{"line":7,"column":16},"end":{"line":7,"column":26}},"loc":{"start":{"line":7,"column":69},"end":{"line":17,"column":null}}}},"branchMap":{},"s":{"0":0,"1":0,"2":0,"3":0},"f":{"0":0},"b":{}}
,"C:\\Users\\adity\\Downloads\\getfruitika-main (1)\\getfruitika-main\\lib\\rateLimit.ts": {"path":"C:\\Users\\adity\\Downloads\\getfruitika-main (1)\\getfruitika-main\\lib\\rateLimit.ts","statementMap":{"0":{"start":{"line":5,"column":16},"end":{"line":5,"column":26}},"1":{"start":{"line":3,"column":21},"end":{"line":3,"column":null}},"2":{"start":{"line":6,"column":13},"end":{"line":6,"column":null}},"3":{"start":{"line":7,"column":14},"end":{"line":7,"column":null}},"4":{"start":{"line":8,"column":22},"end":{"line":8,"column":null}},"5":{"start":{"line":10,"column":2},"end":{"line":12,"column":null}},"6":{"start":{"line":11,"column":4},"end":{"line":11,"column":null}},"7":{"start":{"line":14,"column":19},"end":{"line":14,"column":null}},"8":{"start":{"line":15,"column":24},"end":{"line":15,"column":null}},"9":{"start":{"line":15,"column":58},"end":{"line":15,"column":null}},"10":{"start":{"line":17,"column":2},"end":{"line":19,"column":null}},"11":{"start":{"line":18,"column":4},"end":{"line":18,"column":null}},"12":{"start":{"line":21,"column":2},"end":{"line":21,"column":null}},"13":{"start":{"line":22,"column":2},"end":{"line":22,"column":null}},"14":{"start":{"line":24,"column":2},"end":{"line":24,"column":null}}},"fnMap":{"0":{"name":"rateLimit","decl":{"start":{"line":5,"column":16},"end":{"line":5,"column":26}},"loc":{"start":{"line":5,"column":76},"end":{"line":25,"column":null}}},"1":{"name":"(anonymous_2)","decl":{"start":{"line":15,"column":40},"end":{"line":15,"column":41}},"loc":{"start":{"line":15,"column":58},"end":{"line":15,"column":null}}}},"branchMap":{"0":{"loc":{"start":{"line":5,"column":48},"end":{"line":5,"column":58}},"type":"default-arg","locations":[{"start":{"line":5,"column":56},"end":{"line":5,"column":58}}]},"1":{"loc":{"start":{"line":5,"column":60},"end":{"line":5,"column":76}},"type":"default-arg","locations":[{"start":{"line":5,"column":71},"end":{"line":5,"column":76}}]},"2":{"loc":{"start":{"line":6,"column":13},"end":{"line":6,"column":null}},"type":"binary-expr","locations":[{"start":{"line":6,"column":13},"end":{"line":6,"column":23}},{"start":{"line":6,"column":27},"end":{"line":6,"column":69}},{"start":{"line":6,"column":69},"end":{"line":6,"column":null}}]},"3":{"loc":{"start":{"line":10,"column":2},"end":{"line":12,"column":null}},"type":"if","locations":[{"start":{"line":10,"column":2},"end":{"line":12,"column":null}},{"start":{},"end":{}}]},"4":{"loc":{"start":{"line":17,"column":2},"end":{"line":19,"column":null}},"type":"if","locations":[{"start":{"line":17,"column":2},"end":{"line":19,"column":null}},{"start":{},"end":{}}]}},"s":{"0":0,"1":0,"2":0,"3":0,"4":0,"5":0,"6":0,"7":0,"8":0,"9":0,"10":0,"11":0,"12":0,"13":0,"14":0},"f":{"0":0,"1":0},"b":{"0":[0],"1":[0],"2":[0,0,0],"3":[0,0],"4":[0,0]}}
,"C:\\Users\\adity\\Downloads\\getfruitika-main (1)\\getfruitika-main\\lib\\utils.ts": {"path":"C:\\Users\\adity\\Downloads\\getfruitika-main (1)\\getfruitika-main\\lib\\utils.ts","statementMap":{"0":{"start":{"line":4,"column":16},"end":{"line":4,"column":19}},"1":{"start":{"line":1,"column":38},"end":{"line":1,"column":null}},"2":{"start":{"line":2,"column":24},"end":{"line":2,"column":null}},"3":{"start":{"line":5,"column":2},"end":{"line":5,"column":null}}},"fnMap":{"0":{"name":"cn","decl":{"start":{"line":4,"column":16},"end":{"line":4,"column":19}},"loc":{"start":{"line":4,"column":42},"end":{"line":6,"column":null}}}},"branchMap":{},"s":{"0":631,"1":3,"2":3,"3":631},"f":{"0":631},"b":{}}
}
